# JRE version: OpenJDK Runtime Environment (15.0.1+9) (build 15.0.1+9-18)
# Java VM: OpenJDK 64-Bit Server VM (15.0.1+9-18, mixed mode, tiered, compressed oops, g1 gc, windows-amd64)
GC Precious Log:
 CPUs: 8 total, 8 available
 Memory: 15980M
 Large Page Support: Disabled
 NUMA Support: Disabled
 Compressed Oops: Enabled (Zero based)
 Heap Region Size: 2M
 Heap Min Capacity: 8M
 Heap Initial Capacity: 250M
 Heap Max Capacity: 3996M
 Pre-touch: Disabled
 Parallel Workers: 8
 Concurrent Workers: 2
 Concurrent Refinement Workers: 8
 Periodic GC: Disabled
Heap:
 garbage-first heap   total 79872K, used 54481K [0x0000000706400000, 0x0000000800000000)
  region size 2048K, 11 young (22528K), 2 survivors (4096K)
 Metaspace       used 45191K, capacity 45550K, committed 45820K, reserved 1089536K
  class space    used 4918K, capacity 5063K, committed 5120K, reserved 1048576K
GC Heap History (20 events):
Event: 18.465 GC heap before
{Heap before GC invocations=2 (full 0):
 garbage-first heap   total 256000K, used 41329K [0x0000000706400000, 0x0000000800000000)
  region size 2048K, 17 young (34816K), 2 survivors (4096K)
 Metaspace       used 20655K, capacity 20844K, committed 20992K, reserved 1069056K
  class space    used 1972K, capacity 2013K, committed 2048K, reserved 1048576K
}
Event: 18.491 GC heap after
{Heap after GC invocations=3 (full 0):
 garbage-first heap   total 256000K, used 13258K [0x0000000706400000, 0x0000000800000000)
  region size 2048K, 3 young (6144K), 3 survivors (6144K)
 Metaspace       used 20655K, capacity 20844K, committed 20992K, reserved 1069056K
  class space    used 1972K, capacity 2013K, committed 2048K, reserved 1048576K
}
Event: 19.212 GC heap before
{Heap before GC invocations=3 (full 0):
 garbage-first heap   total 256000K, used 23498K [0x0000000706400000, 0x0000000800000000)
  region size 2048K, 9 young (18432K), 3 survivors (6144K)
 Metaspace       used 20997K, capacity 21196K, committed 21248K, reserved 1069056K
  class space    used 2019K, capacity 2045K, committed 2048K, reserved 1048576K
}
Event: 19.237 GC heap after
{Heap after GC invocations=4 (full 0):
 garbage-first heap   total 256000K, used 13859K [0x0000000706400000, 0x0000000800000000)
  region size 2048K, 2 young (4096K), 2 survivors (4096K)
 Metaspace       used 20997K, capacity 21196K, committed 21248K, reserved 1069056K
  class space    used 2019K, capacity 2045K, committed 2048K, reserved 1048576K
}
Event: 30.020 GC heap before
{Heap before GC invocations=5 (full 0):
 garbage-first heap   total 61440K, used 58915K [0x0000000706400000, 0x0000000800000000)
  region size 2048K, 24 young (49152K), 2 survivors (4096K)
 Metaspace       used 25918K, capacity 26240K, committed 26620K, reserved 1073152K
  class space    used 2609K, capacity 2713K, committed 2816K, reserved 1048576K
}
Event: 30.129 GC heap after
{Heap after GC invocations=6 (full 0):
 garbage-first heap   total 79872K, used 27966K [0x0000000706400000, 0x0000000800000000)
  region size 2048K, 7 young (14336K), 7 survivors (14336K)
 Metaspace       used 25918K, capacity 26240K, committed 26620K, reserved 1073152K
  class space    used 2609K, capacity 2713K, committed 2816K, reserved 1048576K
}
Event: 54.323 GC heap before
{Heap before GC invocations=6 (full 0):
 garbage-first heap   total 79872K, used 50494K [0x0000000706400000, 0x0000000800000000)
  region size 2048K, 19 young (38912K), 7 survivors (14336K)
 Metaspace       used 31884K, capacity 32177K, committed 32508K, reserved 1079296K
  class space    used 3364K, capacity 3470K, committed 3584K, reserved 1048576K
}
Event: 54.440 GC heap after
{Heap after GC invocations=7 (full 0):
 garbage-first heap   total 79872K, used 31969K [0x0000000706400000, 0x0000000800000000)
  region size 2048K, 2 young (4096K), 2 survivors (4096K)
 Metaspace       used 31884K, capacity 32177K, committed 32508K, reserved 1079296K
  class space    used 3364K, capacity 3470K, committed 3584K, reserved 1048576K
}
Event: 57.553 GC heap before
{Heap before GC invocations=7 (full 0):
 garbage-first heap   total 79872K, used 48353K [0x0000000706400000, 0x0000000800000000)
  region size 2048K, 11 young (22528K), 2 survivors (4096K)
 Metaspace       used 35608K, capacity 35863K, committed 35964K, reserved 1081344K
  class space    used 3792K, capacity 3887K, committed 3968K, reserved 1048576K
}
Event: 57.579 GC heap after
{Heap after GC invocations=8 (full 0):
 garbage-first heap   total 79872K, used 33213K [0x0000000706400000, 0x0000000800000000)
  region size 2048K, 1 young (2048K), 1 survivors (2048K)
 Metaspace       used 35608K, capacity 35863K, committed 35964K, reserved 1081344K
  class space    used 3792K, capacity 3887K, committed 3968K, reserved 1048576K
}
Event: 62.086 GC heap before
{Heap before GC invocations=9 (full 0):
 garbage-first heap   total 79872K, used 53693K [0x0000000706400000, 0x0000000800000000)
  region size 2048K, 12 young (24576K), 1 survivors (2048K)
 Metaspace       used 39587K, capacity 39906K, committed 40060K, reserved 1085440K
  class space    used 4311K, capacity 4420K, committed 4480K, reserved 1048576K
}
Event: 62.115 GC heap after
{Heap after GC invocations=10 (full 0):
 garbage-first heap   total 79872K, used 35652K [0x0000000706400000, 0x0000000800000000)
  region size 2048K, 2 young (4096K), 2 survivors (4096K)
 Metaspace       used 39587K, capacity 39906K, committed 40060K, reserved 1085440K
  class space    used 4311K, capacity 4420K, committed 4480K, reserved 1048576K
}
Event: 68.891 GC heap before
{Heap before GC invocations=10 (full 0):
 garbage-first heap   total 79872K, used 56132K [0x0000000706400000, 0x0000000800000000)
  region size 2048K, 12 young (24576K), 2 survivors (4096K)
 Metaspace       used 42684K, capacity 43013K, committed 43260K, reserved 1087488K
  class space    used 4697K, capacity 4803K, committed 4864K, reserved 1048576K
}
Event: 68.927 GC heap after
{Heap after GC invocations=11 (full 0):
 garbage-first heap   total 79872K, used 37372K [0x0000000706400000, 0x0000000800000000)
  region size 2048K, 1 young (2048K), 1 survivors (2048K)
 Metaspace       used 42684K, capacity 43013K, committed 43260K, reserved 1087488K
  class space    used 4697K, capacity 4803K, committed 4864K, reserved 1048576K
}
Event: 94.766 GC heap before
{Heap before GC invocations=11 (full 0):
 garbage-first heap   total 79872K, used 57852K [0x0000000706400000, 0x0000000800000000)
  region size 2048K, 11 young (22528K), 1 survivors (2048K)
 Metaspace       used 43217K, capacity 43593K, committed 43772K, reserved 1087488K
  class space    used 4729K, capacity 4838K, committed 4864K, reserved 1048576K
}
Event: 94.786 GC heap after
{Heap after GC invocations=12 (full 0):
 garbage-first heap   total 79872K, used 37372K [0x0000000706400000, 0x0000000800000000)
  region size 2048K, 1 young (2048K), 1 survivors (2048K)
 Metaspace       used 43217K, capacity 43593K, committed 43772K, reserved 1087488K
  class space    used 4729K, capacity 4838K, committed 4864K, reserved 1048576K
}
Event: 214.119 GC heap before
{Heap before GC invocations=13 (full 0):
 garbage-first heap   total 79872K, used 59900K [0x0000000706400000, 0x0000000800000000)
  region size 2048K, 12 young (24576K), 1 survivors (2048K)
 Metaspace       used 44974K, capacity 45355K, committed 45564K, reserved 1089536K
  class space    used 4887K, capacity 4998K, committed 5120K, reserved 1048576K
}
Event: 214.139 GC heap after
{Heap after GC invocations=14 (full 0):
 garbage-first heap   total 79872K, used 37545K [0x0000000706400000, 0x0000000800000000)
  region size 2048K, 2 young (4096K), 2 survivors (4096K)
 Metaspace       used 44974K, capacity 45355K, committed 45564K, reserved 1089536K
  class space    used 4887K, capacity 4998K, committed 5120K, reserved 1048576K
}
Event: 354.172 GC heap before
{Heap before GC invocations=14 (full 0):
 garbage-first heap   total 79872K, used 60073K [0x0000000706400000, 0x0000000800000000)
  region size 2048K, 13 young (26624K), 2 survivors (4096K)
 Metaspace       used 45101K, capacity 45515K, committed 45820K, reserved 1089536K
  class space    used 4907K, capacity 5030K, committed 5120K, reserved 1048576K
}
Event: 354.195 GC heap after
{Heap after GC invocations=15 (full 0):
 garbage-first heap   total 79872K, used 38097K [0x0000000706400000, 0x0000000800000000)
  region size 2048K, 2 young (4096K), 2 survivors (4096K)
 Metaspace       used 45101K, capacity 45515K, committed 45820K, reserved 1089536K
  class space    used 4907K, capacity 5030K, committed 5120K, reserved 1048576K
}

