# JRE version: OpenJDK Runtime Environment (15.0.1+9) (build 15.0.1+9-18)
# Java VM: OpenJDK 64-Bit Server VM (15.0.1+9-18, mixed mode, tiered, compressed oops, g1 gc, windows-amd64)
GC Precious Log:
 CPUs: 8 total, 8 available
 Memory: 15980M
 Large Page Support: Disabled
 NUMA Support: Disabled
 Compressed Oops: Enabled (Zero based)
 Heap Region Size: 2M
 Heap Min Capacity: 8M
 Heap Initial Capacity: 250M
 Heap Max Capacity: 3996M
 Pre-touch: Disabled
 Parallel Workers: 8
 Concurrent Workers: 2
 Concurrent Refinement Workers: 8
 Periodic GC: Disabled
Heap:
 garbage-first heap   total 86016K, used 44906K [0x0000000706400000, 0x0000000800000000)
  region size 2048K, 6 young (12288K), 1 survivors (2048K)
 Metaspace       used 46244K, capacity 46641K, committed 46748K, reserved 1091584K
  class space    used 4937K, capacity 5069K, committed 5100K, reserved 1048576K
GC Heap History (20 events):
Event: 293.574 GC heap before
{Heap before GC invocations=31 (full 0):
 garbage-first heap   total 86016K, used 71379K [0x0000000706400000, 0x0000000800000000)
  region size 2048K, 18 young (36864K), 1 survivors (2048K)
 Metaspace       used 45866K, capacity 46308K, committed 46492K, reserved 1091584K
  class space    used 4918K, capacity 5068K, committed 5100K, reserved 1048576K
}
Event: 293.574 GC heap after
{Heap after GC invocations=32 (full 0):
 garbage-first heap   total 86016K, used 36581K [0x0000000706400000, 0x0000000800000000)
  region size 2048K, 1 young (2048K), 1 survivors (2048K)
 Metaspace       used 45866K, capacity 46308K, committed 46492K, reserved 1091584K
  class space    used 4918K, capacity 5068K, committed 5100K, reserved 1048576K
}
Event: 304.846 GC heap before
{Heap before GC invocations=32 (full 0):
 garbage-first heap   total 86016K, used 71397K [0x0000000706400000, 0x0000000800000000)
  region size 2048K, 18 young (36864K), 1 survivors (2048K)
 Metaspace       used 45985K, capacity 46372K, committed 46492K, reserved 1091584K
  class space    used 4918K, capacity 5068K, committed 5100K, reserved 1048576K
}
Event: 304.847 GC heap after
{Heap after GC invocations=33 (full 0):
 garbage-first heap   total 86016K, used 36650K [0x0000000706400000, 0x0000000800000000)
  region size 2048K, 1 young (2048K), 1 survivors (2048K)
 Metaspace       used 45985K, capacity 46372K, committed 46492K, reserved 1091584K
  class space    used 4918K, capacity 5068K, committed 5100K, reserved 1048576K
}
Event: 342.426 GC heap before
{Heap before GC invocations=33 (full 0):
 garbage-first heap   total 86016K, used 71466K [0x0000000706400000, 0x0000000800000000)
  region size 2048K, 18 young (36864K), 1 survivors (2048K)
 Metaspace       used 46021K, capacity 46436K, committed 46492K, reserved 1091584K
  class space    used 4918K, capacity 5068K, committed 5100K, reserved 1048576K
}
Event: 342.427 GC heap after
{Heap after GC invocations=34 (full 0):
 garbage-first heap   total 86016K, used 36730K [0x0000000706400000, 0x0000000800000000)
  region size 2048K, 1 young (2048K), 1 survivors (2048K)
 Metaspace       used 46021K, capacity 46436K, committed 46492K, reserved 1091584K
  class space    used 4918K, capacity 5068K, committed 5100K, reserved 1048576K
}
Event: 348.749 GC heap before
{Heap before GC invocations=34 (full 0):
 garbage-first heap   total 86016K, used 71546K [0x0000000706400000, 0x0000000800000000)
  region size 2048K, 18 young (36864K), 1 survivors (2048K)
 Metaspace       used 46029K, capacity 46443K, committed 46492K, reserved 1091584K
  class space    used 4918K, capacity 5068K, committed 5100K, reserved 1048576K
}
Event: 348.751 GC heap after
{Heap after GC invocations=35 (full 0):
 garbage-first heap   total 86016K, used 36616K [0x0000000706400000, 0x0000000800000000)
  region size 2048K, 1 young (2048K), 1 survivors (2048K)
 Metaspace       used 46029K, capacity 46443K, committed 46492K, reserved 1091584K
  class space    used 4918K, capacity 5068K, committed 5100K, reserved 1048576K
}
Event: 383.349 GC heap before
{Heap before GC invocations=35 (full 0):
 garbage-first heap   total 86016K, used 71432K [0x0000000706400000, 0x0000000800000000)
  region size 2048K, 18 young (36864K), 1 survivors (2048K)
 Metaspace       used 46033K, capacity 46443K, committed 46492K, reserved 1091584K
  class space    used 4919K, capacity 5068K, committed 5100K, reserved 1048576K
}
Event: 383.350 GC heap after
{Heap after GC invocations=36 (full 0):
 garbage-first heap   total 86016K, used 36688K [0x0000000706400000, 0x0000000800000000)
  region size 2048K, 1 young (2048K), 1 survivors (2048K)
 Metaspace       used 46033K, capacity 46443K, committed 46492K, reserved 1091584K
  class space    used 4919K, capacity 5068K, committed 5100K, reserved 1048576K
}
Event: 390.544 GC heap before
{Heap before GC invocations=36 (full 0):
 garbage-first heap   total 86016K, used 71504K [0x0000000706400000, 0x0000000800000000)
  region size 2048K, 18 young (36864K), 1 survivors (2048K)
 Metaspace       used 46047K, capacity 46443K, committed 46492K, reserved 1091584K
  class space    used 4919K, capacity 5068K, committed 5100K, reserved 1048576K
}
Event: 390.544 GC heap after
{Heap after GC invocations=37 (full 0):
 garbage-first heap   total 86016K, used 36752K [0x0000000706400000, 0x0000000800000000)
  region size 2048K, 1 young (2048K), 1 survivors (2048K)
 Metaspace       used 46047K, capacity 46443K, committed 46492K, reserved 1091584K
  class space    used 4919K, capacity 5068K, committed 5100K, reserved 1048576K
}
Event: 424.244 GC heap before
{Heap before GC invocations=37 (full 0):
 garbage-first heap   total 86016K, used 71568K [0x0000000706400000, 0x0000000800000000)
  region size 2048K, 18 young (36864K), 1 survivors (2048K)
 Metaspace       used 46049K, capacity 46507K, committed 46748K, reserved 1091584K
  class space    used 4919K, capacity 5068K, committed 5100K, reserved 1048576K
}
Event: 424.245 GC heap after
{Heap after GC invocations=38 (full 0):
 garbage-first heap   total 86016K, used 36650K [0x0000000706400000, 0x0000000800000000)
  region size 2048K, 1 young (2048K), 1 survivors (2048K)
 Metaspace       used 46049K, capacity 46507K, committed 46748K, reserved 1091584K
  class space    used 4919K, capacity 5068K, committed 5100K, reserved 1048576K
}
Event: 431.549 GC heap before
{Heap before GC invocations=38 (full 0):
 garbage-first heap   total 86016K, used 71466K [0x0000000706400000, 0x0000000800000000)
  region size 2048K, 18 young (36864K), 1 survivors (2048K)
 Metaspace       used 46049K, capacity 46507K, committed 46748K, reserved 1091584K
  class space    used 4919K, capacity 5068K, committed 5100K, reserved 1048576K
}
Event: 431.550 GC heap after
{Heap after GC invocations=39 (full 0):
 garbage-first heap   total 86016K, used 36768K [0x0000000706400000, 0x0000000800000000)
  region size 2048K, 1 young (2048K), 1 survivors (2048K)
 Metaspace       used 46049K, capacity 46507K, committed 46748K, reserved 1091584K
  class space    used 4919K, capacity 5068K, committed 5100K, reserved 1048576K
}
Event: 464.987 GC heap before
{Heap before GC invocations=39 (full 0):
 garbage-first heap   total 86016K, used 71584K [0x0000000706400000, 0x0000000800000000)
  region size 2048K, 18 young (36864K), 1 survivors (2048K)
 Metaspace       used 46058K, capacity 46507K, committed 46748K, reserved 1091584K
  class space    used 4919K, capacity 5068K, committed 5100K, reserved 1048576K
}
Event: 464.988 GC heap after
{Heap after GC invocations=40 (full 0):
 garbage-first heap   total 86016K, used 36733K [0x0000000706400000, 0x0000000800000000)
  region size 2048K, 1 young (2048K), 1 survivors (2048K)
 Metaspace       used 46058K, capacity 46507K, committed 46748K, reserved 1091584K
  class space    used 4919K, capacity 5068K, committed 5100K, reserved 1048576K
}
Event: 473.967 GC heap before
{Heap before GC invocations=40 (full 0):
 garbage-first heap   total 86016K, used 71549K [0x0000000706400000, 0x0000000800000000)
  region size 2048K, 18 young (36864K), 1 survivors (2048K)
 Metaspace       used 46086K, capacity 46507K, committed 46748K, reserved 1091584K
  class space    used 4919K, capacity 5068K, committed 5100K, reserved 1048576K
}
Event: 473.968 GC heap after
{Heap after GC invocations=41 (full 0):
 garbage-first heap   total 86016K, used 36714K [0x0000000706400000, 0x0000000800000000)
  region size 2048K, 1 young (2048K), 1 survivors (2048K)
 Metaspace       used 46086K, capacity 46507K, committed 46748K, reserved 1091584K
  class space    used 4919K, capacity 5068K, committed 5100K, reserved 1048576K
}

