<?xml version="1.0" encoding="UTF-8"?>
<!-- Generated by org.testng.reporters.JUnitXMLReporter -->
<testsuite ignored="15" hostname="LAP-TZD-1x76965" failures="0" tests="1" name="Default test" time="118.708" errors="0" timestamp="2021-10-07T19:05:21 IST">
  <testcase classname="com.lhh.test.redeploymentPhase2.RedeploymentAskACoachPhase2Tests" name="TC_57986_verifyMeetingTimeSlotIsPresentedBy30MinutesTimeSlot" time="69.506"/>
  <testcase classname="com.lhh.test.redeploymentPhase2.RedeploymentAskACoachPhase2Tests" name="TC_68450_verifyModalWindowAppearsByClickingOnAboutMeButton" time="0.0">
    <ignored/>
  </testcase> <!-- TC_68450_verifyModalWindowAppearsByClickingOnAboutMeButton -->
  <testcase classname="com.lhh.test.redeploymentPhase2.RedeploymentAskACoachPhase2Tests" name="TC_68584_validateBioDetailsAddedByConsultantIsReflectedInConsultantContactPage" time="0.0">
    <ignored/>
  </testcase> <!-- TC_68584_validateBioDetailsAddedByConsultantIsReflectedInConsultantContactPage -->
  <testcase classname="com.lhh.test.redeploymentPhase2.RedeploymentAskACoachPhase2Tests" name="TC_62875_verifyBioDetailsDisplayedInModalWindowAppears" time="0.0">
    <ignored/>
  </testcase> <!-- TC_62875_verifyBioDetailsDisplayedInModalWindowAppears -->
  <testcase classname="com.lhh.test.redeploymentPhase2.RedeploymentAskACoachPhase2Tests" name="TC_57985_verifyAskACoachAvailabiltyTypeIsSetInAvailabilityToDisplayDatesInCMDateSetting" time="0.0">
    <ignored/>
  </testcase> <!-- TC_57985_verifyAskACoachAvailabiltyTypeIsSetInAvailabilityToDisplayDatesInCMDateSetting -->
  <testcase classname="com.lhh.test.redeploymentPhase2.RedeploymentAskACoachPhase2Tests" name="TC_57984_verifyConsultantCannotBookSameDay24HoursNoticePeriod" time="0.0">
    <ignored/>
  </testcase> <!-- TC_57984_verifyConsultantCannotBookSameDay24HoursNoticePeriod -->
  <testcase classname="com.lhh.test.redeploymentPhase2.RedeploymentAskACoachPhase2Tests" name="TC_57874_verifyPreferredLanguageFieldIsDisplayedForNonUSCandidate" time="0.0">
    <ignored/>
  </testcase> <!-- TC_57874_verifyPreferredLanguageFieldIsDisplayedForNonUSCandidate -->
  <testcase classname="com.lhh.test.redeploymentPhase2.RedeploymentAskACoachPhase2Tests" name="TC_58286_verifyDateAndTimeSchedulingPageIsOpenedByClickingOnNext" time="0.0">
    <ignored/>
  </testcase> <!-- TC_58286_verifyDateAndTimeSchedulingPageIsOpenedByClickingOnNext -->
  <testcase classname="com.lhh.test.redeploymentPhase2.RedeploymentAskACoachPhase2Tests" name="TC_68582_verifyBioFieldsDisplayedOnConsultantPage" time="0.0">
    <ignored/>
  </testcase> <!-- TC_68582_verifyBioFieldsDisplayedOnConsultantPage -->
  <testcase classname="com.lhh.test.redeploymentPhase2.RedeploymentAskACoachPhase2Tests" name="TC_60085_verifyCanidateScheduleMeetingWithColleague" time="0.0">
    <ignored/>
  </testcase> <!-- TC_60085_verifyCanidateScheduleMeetingWithColleague -->
  <testcase classname="com.lhh.test.redeploymentPhase2.RedeploymentAskACoachPhase2Tests" name="TC_62874_verifyModalWindowAppearsByClickingOnAboutMeButton" time="0.0">
    <ignored/>
  </testcase> <!-- TC_62874_verifyModalWindowAppearsByClickingOnAboutMeButton -->
  <testcase classname="com.lhh.test.redeploymentPhase2.RedeploymentAskACoachPhase2Tests" name="TC_57865_verifyNavigationHeaderAndAskACoachOpenInSameWindow" time="0.0">
    <ignored/>
  </testcase> <!-- TC_57865_verifyNavigationHeaderAndAskACoachOpenInSameWindow -->
  <testcase classname="com.lhh.test.redeploymentPhase2.RedeploymentAskACoachPhase2Tests" name="TC_62876_verifyLanguageDropdownDisplayAllLanguageInWhichBioIsAvailable" time="0.0">
    <ignored/>
  </testcase> <!-- TC_62876_verifyLanguageDropdownDisplayAllLanguageInWhichBioIsAvailable -->
  <testcase classname="com.lhh.test.redeploymentPhase2.RedeploymentAskACoachPhase2Tests" name="TC_58166_verifyMeetingDurationIs45MinutesByDefault" time="0.0">
    <ignored/>
  </testcase> <!-- TC_58166_verifyMeetingDurationIs45MinutesByDefault -->
  <testcase classname="com.lhh.test.redeploymentPhase2.RedeploymentAskACoachPhase2Tests" name="TC_58171_verifyMeetingDurationIs45MinutesByDefault" time="0.0">
    <ignored/>
  </testcase> <!-- TC_58171_verifyMeetingDurationIs45MinutesByDefault -->
  <testcase classname="com.lhh.test.redeploymentPhase2.RedeploymentAskACoachPhase2Tests" name="TC_62884_validateBioCanBeDisplayedInAnyLanguageWhenBioNotAvailableInPrimaryLanguage" time="0.0">
    <ignored/>
  </testcase> <!-- TC_62884_validateBioCanBeDisplayedInAnyLanguageWhenBioNotAvailableInPrimaryLanguage -->
</testsuite> <!-- Default test -->
