<?xml version="1.0" encoding="UTF-8"?>
<!-- Generated by org.testng.reporters.JUnitReportReporter -->
<testsuite hostname="LAP-TZD-1x76965" failures="1" tests="11" name="com.lhh.test.redeploymentPhase2.RedeploymentJobSearchPhase2Tests" time="2068.671" errors="1" timestamp="2021-09-10T15:30:02 IST" skipped="0">
  <testcase classname="com.lhh.test.redeploymentPhase2.RedeploymentJobSearchPhase2Tests" name="TC_63168_VerifyCompanyNameVisibleForCMCandidate" time="147.153"/>
  <system-out>
CookieBannerCloseBtnElement is found successfully Clicked on CookieBannerCloseBtn element successfully Cookie Banner closed successfully usernameCRNElement is found successfully Entered the testcm18 in the usernameCRN textbox successfully passwordCRNElement is found successfully Entered the P@ssword123 in the passwordCRN textbox successfully letsdothisCRNElement is found successfully letsdothisCRNElement is found successfully Clicked on letsdothisCRN element successfully CRN Login is done successfully redeploymentJobsMenuElement is found successfully redeploymentJobSearchTitleElement is found successfully redeploymentJobSearchTitleElement is found successfully Clicked on redeploymentJobSearchTitle element successfully redeploymentJobSearchTabElement is found successfully Expected Text matched with the Actual Text redeploymentJobMoreOptionsButtonElement is found successfully redeploymentJobMoreOptionsButtonElement is found successfully jobSourceDropDownElement is found successfully jobSourceDropDownElement is found successfully jobSourceDropDownElement is found successfully Text value found for the :jobSourceDropDown Actual text is matched with the exptected text jobSourceDropDownElement is found successfully Text value found for the :jobSourceDropDown companyTextBoxInCTCandidateElement is found successfully jobSourceDropDownElement is found successfully Able to select desired job source jobSourceDropDownElement is found successfully Text value found for the :jobSourceDropDown companyTextBoxInCTCandidateElement is found successfully jobSourceDropDownElement is found successfully Able to select desired job source jobSourceDropDownElement is found successfully Text value found for the :jobSourceDropDown companyTextBoxInCTCandidateElement is found successfully jobSourceDropDownElement is found successfully Able to select desired job source jobSourceDropDownElement is found successfully Text value found for the :jobSourceDropDown jobSourceDropDownElement is found successfully Able to select desired job source jobSourceDropDownElement is found successfully Text value found for the :jobSourceDropDown jobSourceDropDownElement is found successfully Able to select desired job source jobSourceDropDownElement is found successfully jobSourceDropDownElement is found successfully Text value found for the :jobSourceDropDown minimumSalaryForCTCandidateElement is found successfully  </system-out>
  <testcase classname="com.lhh.test.redeploymentPhase2.RedeploymentJobSearchPhase2Tests" name="TC_63896_VerifyLocationFieldRetainValueAfterNavigatingtoDetailsPageComeBackToJobDetailPage" time="276.634"/>
  <system-out>
CookieBannerCloseBtnElement is found successfully Clicked on CookieBannerCloseBtn element successfully Cookie Banner closed successfully usernameCRNElement is found successfully Entered the cmtoct in the usernameCRN textbox successfully passwordCRNElement is found successfully Entered the P@ssword123 in the passwordCRN textbox successfully letsdothisCRNElement is found successfully letsdothisCRNElement is found successfully Clicked on letsdothisCRN element successfully CRN Login is done successfully redeploymentJobsMenuElement is found successfully redeploymentJobSearchTitleElement is found successfully redeploymentJobSearchTitleElement is found successfully Clicked on redeploymentJobSearchTitle element successfully redeploymentJobSearchTabElement is found successfully Expected Text matched with the Actual Text redeploymentJobMoreOptionsButtonElement is found successfully redeploymentJobMoreOptionsButtonElement is found successfully jobSourceDropDownElement is found successfully jobSourceDropDownElement is found successfully jobSourceDropDownElement is found successfully Text value found for the :jobSourceDropDown Actual text is matched with the exptected text jobSourceDropDownElement is found successfully Job source options is matching jobSourceDropDownElement is found successfully Able to select desired job source locationTypeDropDownElement is found successfully AnyLocationType options are working fine redeploymentJobSearchElement is found successfully redeploymentJobSearchElement is found successfully redeploymentResultElement is found successfully redeploymentResultElement is found successfully redeploymentResultElement is found successfully Text value found for the :redeploymentResult Text value found for the :[[ChromeDriver: chrome on WINDOWS (f0ddab08289a33d37025e9c4e324eb06)] -> xpath: //span[@id='spnJobCardTitleId']] Text value found for the :[[ChromeDriver: chrome on WINDOWS (f0ddab08289a33d37025e9c4e324eb06)] -> xpath: //span[@id='spnJobCardCityId']] Text value found for the :[[ChromeDriver: chrome on WINDOWS (f0ddab08289a33d37025e9c4e324eb06)] -> xpath: //div[@id='divJobCardDescId']] Text value found for the :[[ChromeDriver: chrome on WINDOWS (f0ddab08289a33d37025e9c4e324eb06)] -> xpath: //span[@id='spnJobCardTitleId']] Text value found for the :[[ChromeDriver: chrome on WINDOWS (f0ddab08289a33d37025e9c4e324eb06)] -> xpath: //span[@id='spnJobCardCityId']] Text value found for the :[[ChromeDriver: chrome on WINDOWS (f0ddab08289a33d37025e9c4e324eb06)] -> xpath: //div[@id='divJobCardDescId']] Text value found for the :[[ChromeDriver: chrome on WINDOWS (f0ddab08289a33d37025e9c4e324eb06)] -> xpath: //span[@id='spnJobCardTitleId']] Text value found for the :[[ChromeDriver: chrome on WINDOWS (f0ddab08289a33d37025e9c4e324eb06)] -> xpath: //span[@id='spnJobCardCityId']] Text value found for the :[[ChromeDriver: chrome on WINDOWS (f0ddab08289a33d37025e9c4e324eb06)] -> xpath: //div[@id='divJobCardDescId']] Company Name is matching redeploymentResultElement is found successfully redeploymentResultElement is found successfully redeploymentResultElement is found successfully Text value found for the :redeploymentResult jobSourceDropDownElement is found successfully jobSourceDropDownElement is found successfully jobSourceDropDownElement is found successfully Text value found for the :jobSourceDropDown Actual text is matched with the exptected text locationTypeDropDownElement is found successfully Text value found for the :locationTypeDropDown Actual text is matched with the exptected text redeploymentResultElement is found successfully redeploymentResultElement is found successfully redeploymentResultElement is found successfully Text value found for the :redeploymentResult Both count are equal redeploymentResultElement is found successfully redeploymentResultElement is found successfully redeploymentResultElement is found successfully Text value found for the :redeploymentResult Text value found for the :[[ChromeDriver: chrome on WINDOWS (f0ddab08289a33d37025e9c4e324eb06)] -> xpath: //span[@id='spnJobCardTitleId']] Text value found for the :[[ChromeDriver: chrome on WINDOWS (f0ddab08289a33d37025e9c4e324eb06)] -> xpath: //span[@id='spnJobCardCityId']] Text value found for the :[[ChromeDriver: chrome on WINDOWS (f0ddab08289a33d37025e9c4e324eb06)] -> xpath: //div[@id='divJobCardDescId']] Text value found for the :[[ChromeDriver: chrome on WINDOWS (f0ddab08289a33d37025e9c4e324eb06)] -> xpath: //span[@id='spnJobCardTitleId']] Text value found for the :[[ChromeDriver: chrome on WINDOWS (f0ddab08289a33d37025e9c4e324eb06)] -> xpath: //span[@id='spnJobCardCityId']] Text value found for the :[[ChromeDriver: chrome on WINDOWS (f0ddab08289a33d37025e9c4e324eb06)] -> xpath: //div[@id='divJobCardDescId']] Text value found for the :[[ChromeDriver: chrome on WINDOWS (f0ddab08289a33d37025e9c4e324eb06)] -> xpath: //span[@id='spnJobCardTitleId']] Text value found for the :[[ChromeDriver: chrome on WINDOWS (f0ddab08289a33d37025e9c4e324eb06)] -> xpath: //span[@id='spnJobCardCityId']] Text value found for the :[[ChromeDriver: chrome on WINDOWS (f0ddab08289a33d37025e9c4e324eb06)] -> xpath: //div[@id='divJobCardDescId']] Company Name is matching profileIconCTCandidateElement is found successfully logoutCTCandidateElement is found successfully usernameCRNElement is found successfully Entered the testcm18 in the usernameCRN textbox successfully passwordCRNElement is found successfully Entered the P@ssword123 in the passwordCRN textbox successfully letsdothisCRNElement is found successfully letsdothisCRNElement is found successfully Clicked on letsdothisCRN element successfully CRN Login is done successfully redeploymentJobsMenuElement is found successfully redeploymentJobSearchTitleElement is found successfully redeploymentJobSearchTitleElement is found successfully Clicked on redeploymentJobSearchTitle element successfully redeploymentJobSearchTabElement is found successfully Expected Text matched with the Actual Text redeploymentJobMoreOptionsButtonElement is found successfully redeploymentJobMoreOptionsButtonElement is found successfully jobSourceDropDownElement is found successfully jobSourceDropDownElement is found successfully jobSourceDropDownElement is found successfully Text value found for the :jobSourceDropDown Actual text is matched with the exptected text jobSourceDropDownElement is found successfully Text value found for the :jobSourceDropDown redeploymentJobDatePostedComboBoxDefaultOptionElement is found successfully redeploymentJobRadiusComboBoxDefaultOptionElement is found successfully locationTypeDropDownElement is found successfully AnyLocationType options are working fine redeploymentJobSearchElement is found successfully redeploymentJobSearchElement is found successfully redeploymentResultElement is found successfully redeploymentResultElement is found successfully redeploymentResultElement is found successfully Text value found for the :redeploymentResult Text value found for the :[[ChromeDriver: chrome on WINDOWS (f0ddab08289a33d37025e9c4e324eb06)] -> xpath: //span[@id='spnJobCardTitleId']] Text value found for the :[[ChromeDriver: chrome on WINDOWS (f0ddab08289a33d37025e9c4e324eb06)] -> xpath: //span[@id='spnJobCardCityId']] Text value found for the :[[ChromeDriver: chrome on WINDOWS (f0ddab08289a33d37025e9c4e324eb06)] -> xpath: //div[@id='divJobCardDescId']] Text value found for the :[[ChromeDriver: chrome on WINDOWS (f0ddab08289a33d37025e9c4e324eb06)] -> xpath: //span[@id='spnJobCardTitleId']] Text value found for the :[[ChromeDriver: chrome on WINDOWS (f0ddab08289a33d37025e9c4e324eb06)] -> xpath: //span[@id='spnJobCardCityId']] Text value found for the :[[ChromeDriver: chrome on WINDOWS (f0ddab08289a33d37025e9c4e324eb06)] -> xpath: //div[@id='divJobCardDescId']] Text value found for the :[[ChromeDriver: chrome on WINDOWS (f0ddab08289a33d37025e9c4e324eb06)] -> xpath: //span[@id='spnJobCardTitleId']] Text value found for the :[[ChromeDriver: chrome on WINDOWS (f0ddab08289a33d37025e9c4e324eb06)] -> xpath: //span[@id='spnJobCardCityId']] Text value found for the :[[ChromeDriver: chrome on WINDOWS (f0ddab08289a33d37025e9c4e324eb06)] -> xpath: //div[@id='divJobCardDescId']] Text value found for the :[[ChromeDriver: chrome on WINDOWS (f0ddab08289a33d37025e9c4e324eb06)] -> xpath: //span[@id='spnJobCardTitleId']] Text value found for the :[[ChromeDriver: chrome on WINDOWS (f0ddab08289a33d37025e9c4e324eb06)] -> xpath: //span[@id='spnJobCardCityId']] Text value found for the :[[ChromeDriver: chrome on WINDOWS (f0ddab08289a33d37025e9c4e324eb06)] -> xpath: //div[@id='divJobCardDescId']] Text value found for the :[[ChromeDriver: chrome on WINDOWS (f0ddab08289a33d37025e9c4e324eb06)] -> xpath: //span[@id='spnJobCardTitleId']] Text value found for the :[[ChromeDriver: chrome on WINDOWS (f0ddab08289a33d37025e9c4e324eb06)] -> xpath: //span[@id='spnJobCardCityId']] Text value found for the :[[ChromeDriver: chrome on WINDOWS (f0ddab08289a33d37025e9c4e324eb06)] -> xpath: //div[@id='divJobCardDescId']] Text value found for the :[[ChromeDriver: chrome on WINDOWS (f0ddab08289a33d37025e9c4e324eb06)] -> xpath: //span[@id='spnJobCardTitleId']] Text value found for the :[[ChromeDriver: chrome on WINDOWS (f0ddab08289a33d37025e9c4e324eb06)] -> xpath: //span[@id='spnJobCardCityId']] Text value found for the :[[ChromeDriver: chrome on WINDOWS (f0ddab08289a33d37025e9c4e324eb06)] -> xpath: //div[@id='divJobCardDescId']] Company Name is matching redeploymentResultElement is found successfully redeploymentResultElement is found successfully redeploymentResultElement is found successfully Text value found for the :redeploymentResult redeploymentResultElement is found successfully redeploymentJobTitleInCardElement is found successfully Clicked on redeploymentJobTitleInCard element successfully jobSourceDropDownElement is found successfully jobSourceDropDownElement is found successfully jobSourceDropDownElement is found successfully Text value found for the :jobSourceDropDown Actual text is matched with the exptected text locationTypeDropDownElement is found successfully Text value found for the :locationTypeDropDown Actual text is matched with the exptected text redeploymentResultElement is found successfully redeploymentResultElement is found successfully redeploymentResultElement is found successfully Text value found for the :redeploymentResult Both count are equal redeploymentResultElement is found successfully redeploymentResultElement is found successfully redeploymentResultElement is found successfully Text value found for the :redeploymentResult Text value found for the :[[ChromeDriver: chrome on WINDOWS (f0ddab08289a33d37025e9c4e324eb06)] -> xpath: //span[@id='spnJobCardTitleId']] Text value found for the :[[ChromeDriver: chrome on WINDOWS (f0ddab08289a33d37025e9c4e324eb06)] -> xpath: //span[@id='spnJobCardCityId']] Text value found for the :[[ChromeDriver: chrome on WINDOWS (f0ddab08289a33d37025e9c4e324eb06)] -> xpath: //div[@id='divJobCardDescId']] Text value found for the :[[ChromeDriver: chrome on WINDOWS (f0ddab08289a33d37025e9c4e324eb06)] -> xpath: //span[@id='spnJobCardTitleId']] Text value found for the :[[ChromeDriver: chrome on WINDOWS (f0ddab08289a33d37025e9c4e324eb06)] -> xpath: //span[@id='spnJobCardCityId']] Text value found for the :[[ChromeDriver: chrome on WINDOWS (f0ddab08289a33d37025e9c4e324eb06)] -> xpath: //div[@id='divJobCardDescId']] Text value found for the :[[ChromeDriver: chrome on WINDOWS (f0ddab08289a33d37025e9c4e324eb06)] -> xpath: //span[@id='spnJobCardTitleId']] Text value found for the :[[ChromeDriver: chrome on WINDOWS (f0ddab08289a33d37025e9c4e324eb06)] -> xpath: //span[@id='spnJobCardCityId']] Text value found for the :[[ChromeDriver: chrome on WINDOWS (f0ddab08289a33d37025e9c4e324eb06)] -> xpath: //div[@id='divJobCardDescId']] Text value found for the :[[ChromeDriver: chrome on WINDOWS (f0ddab08289a33d37025e9c4e324eb06)] -> xpath: //span[@id='spnJobCardTitleId']] Text value found for the :[[ChromeDriver: chrome on WINDOWS (f0ddab08289a33d37025e9c4e324eb06)] -> xpath: //span[@id='spnJobCardCityId']] Text value found for the :[[ChromeDriver: chrome on WINDOWS (f0ddab08289a33d37025e9c4e324eb06)] -> xpath: //div[@id='divJobCardDescId']] Text value found for the :[[ChromeDriver: chrome on WINDOWS (f0ddab08289a33d37025e9c4e324eb06)] -> xpath: //span[@id='spnJobCardTitleId']] Text value found for the :[[ChromeDriver: chrome on WINDOWS (f0ddab08289a33d37025e9c4e324eb06)] -> xpath: //span[@id='spnJobCardCityId']] Text value found for the :[[ChromeDriver: chrome on WINDOWS (f0ddab08289a33d37025e9c4e324eb06)] -> xpath: //div[@id='divJobCardDescId']] Text value found for the :[[ChromeDriver: chrome on WINDOWS (f0ddab08289a33d37025e9c4e324eb06)] -> xpath: //span[@id='spnJobCardTitleId']] Text value found for the :[[ChromeDriver: chrome on WINDOWS (f0ddab08289a33d37025e9c4e324eb06)] -> xpath: //span[@id='spnJobCardCityId']] Text value found for the :[[ChromeDriver: chrome on WINDOWS (f0ddab08289a33d37025e9c4e324eb06)] -> xpath: //div[@id='divJobCardDescId']] Company Name is matching  </system-out>
  <testcase classname="com.lhh.test.redeploymentPhase2.RedeploymentJobSearchPhase2Tests" name="TC_63897_VerifyLocationFieldWorkingWithOtherFilter" time="456.094">
    <error message="chrome not reachable
  (Session info: chrome=93.0.4577.63)
Build info: version: &#039;3.141.59&#039;, revision: &#039;e82be7d358&#039;, time: &#039;2018-11-14T08:17:03&#039;
System info: host: &#039;LAP-TZD-1X76965&#039;, ip: &#039;192.168.170.10&#039;, os.name: &#039;Windows 10&#039;, os.arch: &#039;amd64&#039;, os.version: &#039;10.0&#039;, java.version: &#039;15.0.1&#039;
Driver info: org.openqa.selenium.chrome.ChromeDriver
Capabilities {acceptInsecureCerts: false, browserName: chrome, browserVersion: 93.0.4577.63, chrome: {chromedriverVersion: 92.0.4515.107 (87a818b10553..., userDataDir: C:\Users\KIRUTH~1.R\AppData...}, goog:chromeOptions: {debuggerAddress: localhost:65099}, javascriptEnabled: true, networkConnectionEnabled: false, pageLoadStrategy: normal, platform: WINDOWS, platformName: WINDOWS, proxy: Proxy(), setWindowRect: true, strictFileInteractability: false, timeouts: {implicit: 0, pageLoad: 300000, script: 30000}, unhandledPromptBehavior: dismiss and notify, webauthn:extension:credBlob: true, webauthn:extension:largeBlob: true, webauthn:virtualAuthenticators: true}
Session ID: b228fc3273fb6429bf57394df026c2c6" type="org.openqa.selenium.WebDriverException">
      <![CDATA[org.openqa.selenium.WebDriverException: chrome not reachable
  (Session info: chrome=93.0.4577.63)
Build info: version: '3.141.59', revision: 'e82be7d358', time: '2018-11-14T08:17:03'
System info: host: 'LAP-TZD-1X76965', ip: '192.168.170.10', os.name: 'Windows 10', os.arch: 'amd64', os.version: '10.0', java.version: '15.0.1'
Driver info: org.openqa.selenium.chrome.ChromeDriver
Capabilities {acceptInsecureCerts: false, browserName: chrome, browserVersion: 93.0.4577.63, chrome: {chromedriverVersion: 92.0.4515.107 (87a818b10553..., userDataDir: C:\Users\KIRUTH~1.R\AppData...}, goog:chromeOptions: {debuggerAddress: localhost:65099}, javascriptEnabled: true, networkConnectionEnabled: false, pageLoadStrategy: normal, platform: WINDOWS, platformName: WINDOWS, proxy: Proxy(), setWindowRect: true, strictFileInteractability: false, timeouts: {implicit: 0, pageLoad: 300000, script: 30000}, unhandledPromptBehavior: dismiss and notify, webauthn:extension:credBlob: true, webauthn:extension:largeBlob: true, webauthn:virtualAuthenticators: true}
Session ID: b228fc3273fb6429bf57394df026c2c6
at java.base/jdk.internal.reflect.NativeConstructorAccessorImpl.newInstance0(Native Method)
at java.base/jdk.internal.reflect.NativeConstructorAccessorImpl.newInstance(NativeConstructorAccessorImpl.java:64)
at java.base/jdk.internal.reflect.DelegatingConstructorAccessorImpl.newInstance(DelegatingConstructorAccessorImpl.java:45)
at java.base/java.lang.reflect.Constructor.newInstanceWithCaller(Constructor.java:500)
at java.base/java.lang.reflect.Constructor.newInstance(Constructor.java:481)
at org.openqa.selenium.remote.http.W3CHttpResponseCodec.createException(W3CHttpResponseCodec.java:187)
at org.openqa.selenium.remote.http.W3CHttpResponseCodec.decode(W3CHttpResponseCodec.java:122)
at org.openqa.selenium.remote.http.W3CHttpResponseCodec.decode(W3CHttpResponseCodec.java:49)
at org.openqa.selenium.remote.HttpCommandExecutor.execute(HttpCommandExecutor.java:158)
at org.openqa.selenium.remote.service.DriverCommandExecutor.execute(DriverCommandExecutor.java:83)
at org.openqa.selenium.remote.RemoteWebDriver.execute(RemoteWebDriver.java:552)
at org.openqa.selenium.remote.RemoteWebDriver.execute(RemoteWebDriver.java:609)
at org.openqa.selenium.remote.RemoteWebDriver.getScreenshotAs(RemoteWebDriver.java:295)
at com.lhh.framework.reports.ReportStep.getScreenshot(ReportStep.java:122)
at com.lhh.framework.reports.ReportStep.hardFail(ReportStep.java:83)
at com.lhh.test.businessfunctions.RedeploymentJobSearchPage.verifyAllLoctionRelatedJobIsDisplayedInJobCard(RedeploymentJobSearchPage.java:4852)
at com.lhh.test.redeploymentPhase2.RedeploymentJobSearchPhase2Tests.TC_63897_VerifyLocationFieldWorkingWithOtherFilter(RedeploymentJobSearchPhase2Tests.java:445)
at java.base/jdk.internal.reflect.NativeMethodAccessorImpl.invoke0(Native Method)
at java.base/jdk.internal.reflect.NativeMethodAccessorImpl.invoke(NativeMethodAccessorImpl.java:64)
at java.base/jdk.internal.reflect.DelegatingMethodAccessorImpl.invoke(DelegatingMethodAccessorImpl.java:43)
at java.base/java.lang.reflect.Method.invoke(Method.java:564)
at org.testng.internal.MethodInvocationHelper.invokeMethod(MethodInvocationHelper.java:134)
at org.testng.internal.TestInvoker.invokeMethod(TestInvoker.java:597)
at org.testng.internal.TestInvoker.invokeTestMethod(TestInvoker.java:173)
at org.testng.internal.MethodRunner.runInSequence(MethodRunner.java:46)
at org.testng.internal.TestInvoker$MethodInvocationAgent.invoke(TestInvoker.java:816)
at org.testng.internal.TestInvoker.invokeTestMethods(TestInvoker.java:146)
at org.testng.internal.TestMethodWorker.invokeTestMethods(TestMethodWorker.java:146)
at org.testng.internal.TestMethodWorker.run(TestMethodWorker.java:128)
at java.base/java.util.ArrayList.forEach(ArrayList.java:1511)
at org.testng.TestRunner.privateRun(TestRunner.java:766)
at org.testng.TestRunner.run(TestRunner.java:587)
at org.testng.SuiteRunner.runTest(SuiteRunner.java:384)
at org.testng.SuiteRunner.runSequentially(SuiteRunner.java:378)
at org.testng.SuiteRunner.privateRun(SuiteRunner.java:337)
at org.testng.SuiteRunner.run(SuiteRunner.java:286)
at org.testng.SuiteRunnerWorker.runSuite(SuiteRunnerWorker.java:53)
at org.testng.SuiteRunnerWorker.run(SuiteRunnerWorker.java:96)
at org.testng.TestNG.runSuitesSequentially(TestNG.java:1187)
at org.testng.TestNG.runSuitesLocally(TestNG.java:1109)
at org.testng.TestNG.runSuites(TestNG.java:1039)
at org.testng.TestNG.run(TestNG.java:1007)
at org.testng.remote.AbstractRemoteTestNG.run(AbstractRemoteTestNG.java:115)
at org.testng.remote.RemoteTestNG.initAndRun(RemoteTestNG.java:251)
at org.testng.remote.RemoteTestNG.main(RemoteTestNG.java:77)
]]>
    </error>
  </testcase> <!-- TC_63897_VerifyLocationFieldWorkingWithOtherFilter -->
  <system-out>
CookieBannerCloseBtnElement is found successfully Clicked on CookieBannerCloseBtn element successfully Cookie Banner closed successfully usernameCRNElement is found successfully Entered the cmtoct in the usernameCRN textbox successfully passwordCRNElement is found successfully Entered the P@ssword123 in the passwordCRN textbox successfully letsdothisCRNElement is found successfully letsdothisCRNElement is found successfully Clicked on letsdothisCRN element successfully CRN Login is done successfully redeploymentJobsMenuElement is found successfully redeploymentJobSearchTitleElement is found successfully redeploymentJobSearchTitleElement is found successfully Clicked on redeploymentJobSearchTitle element successfully redeploymentJobSearchTabElement is found successfully Expected Text matched with the Actual Text redeploymentJobMoreOptionsButtonElement is found successfully redeploymentJobMoreOptionsButtonElement is found successfully redeploymentJobSearchTitleElement is found successfully redeploymentJobSearchTitleElement is found successfully Clicked on redeploymentJobSearchTitle element successfully redeploymentJobTitleTextBoxElement is found successfully Entered the Restaurant in the redeploymentJobTitleTextBox textbox successfully Jobs are searched successfully jobSourceDropDownElement is found successfully jobSourceDropDownElement is found successfully jobSourceDropDownElement is found successfully Text value found for the :jobSourceDropDown Actual text is matched with the exptected text companyTextBoxInCTCandidateElement is found successfully Entered the Hotel,Ruan,ThePantherGroup in the companyTextBoxInCTCandidate textbox successfully redeploymentJobSearchElement is found successfully redeploymentJobSearchElement is found successfully redeploymentResultElement is found successfully redeploymentResultElement is found successfully redeploymentResultElement is found successfully Text value found for the :redeploymentResult Text value found for the :[[ChromeDriver: chrome on WINDOWS (b228fc3273fb6429bf57394df026c2c6)] -> xpath: //span[@id='spnJobCardTitleId']] Text value found for the :[[ChromeDriver: chrome on WINDOWS (b228fc3273fb6429bf57394df026c2c6)] -> xpath: //span[@id='spnJobCardCityId']] Text value found for the :[[ChromeDriver: chrome on WINDOWS (b228fc3273fb6429bf57394df026c2c6)] -> xpath: //div[@id='divJobCardDescId']] Text value found for the :[[ChromeDriver: chrome on WINDOWS (b228fc3273fb6429bf57394df026c2c6)] -> xpath: //span[@id='spnJobCardTitleId']] Text value found for the :[[ChromeDriver: chrome on WINDOWS (b228fc3273fb6429bf57394df026c2c6)] -> xpath: //span[@id='spnJobCardCityId']] Text value found for the :[[ChromeDriver: chrome on WINDOWS (b228fc3273fb6429bf57394df026c2c6)] -> xpath: //div[@id='divJobCardDescId']] Text value found for the :[[ChromeDriver: chrome on WINDOWS (b228fc3273fb6429bf57394df026c2c6)] -> xpath: //span[@id='spnJobCardTitleId']] Text value found for the :[[ChromeDriver: chrome on WINDOWS (b228fc3273fb6429bf57394df026c2c6)] -> xpath: //span[@id='spnJobCardCityId']] Text value found for the :[[ChromeDriver: chrome on WINDOWS (b228fc3273fb6429bf57394df026c2c6)] -> xpath: //div[@id='divJobCardDescId']] Text value found for the :[[ChromeDriver: chrome on WINDOWS (b228fc3273fb6429bf57394df026c2c6)] -> xpath: //span[@id='spnJobCardTitleId']] Text value found for the :[[ChromeDriver: chrome on WINDOWS (b228fc3273fb6429bf57394df026c2c6)] -> xpath: //span[@id='spnJobCardCityId']] Text value found for the :[[ChromeDriver: chrome on WINDOWS (b228fc3273fb6429bf57394df026c2c6)] -> xpath: //div[@id='divJobCardDescId']] Text value found for the :[[ChromeDriver: chrome on WINDOWS (b228fc3273fb6429bf57394df026c2c6)] -> xpath: //span[@id='spnJobCardTitleId']] Text value found for the :[[ChromeDriver: chrome on WINDOWS (b228fc3273fb6429bf57394df026c2c6)] -> xpath: //span[@id='spnJobCardCityId']] Text value found for the :[[ChromeDriver: chrome on WINDOWS (b228fc3273fb6429bf57394df026c2c6)] -> xpath: //div[@id='divJobCardDescId']] Text value found for the :[[ChromeDriver: chrome on WINDOWS (b228fc3273fb6429bf57394df026c2c6)] -> xpath: //span[@id='spnJobCardTitleId']] Text value found for the :[[ChromeDriver: chrome on WINDOWS (b228fc3273fb6429bf57394df026c2c6)] -> xpath: //span[@id='spnJobCardCityId']] Text value found for the :[[ChromeDriver: chrome on WINDOWS (b228fc3273fb6429bf57394df026c2c6)] -> xpath: //div[@id='divJobCardDescId']] Text value found for the :[[ChromeDriver: chrome on WINDOWS (b228fc3273fb6429bf57394df026c2c6)] -> xpath: //span[@id='spnJobCardTitleId']] Text value found for the :[[ChromeDriver: chrome on WINDOWS (b228fc3273fb6429bf57394df026c2c6)] -> xpath: //span[@id='spnJobCardCityId']] Text value found for the :[[ChromeDriver: chrome on WINDOWS (b228fc3273fb6429bf57394df026c2c6)] -> xpath: //div[@id='divJobCardDescId']] Text value found for the :[[ChromeDriver: chrome on WINDOWS (b228fc3273fb6429bf57394df026c2c6)] -> xpath: //span[@id='spnJobCardTitleId']] Text value found for the :[[ChromeDriver: chrome on WINDOWS (b228fc3273fb6429bf57394df026c2c6)] -> xpath: //span[@id='spnJobCardCityId']] Text value found for the :[[ChromeDriver: chrome on WINDOWS (b228fc3273fb6429bf57394df026c2c6)] -> xpath: //div[@id='divJobCardDescId']] Text value found for the :[[ChromeDriver: chrome on WINDOWS (b228fc3273fb6429bf57394df026c2c6)] -> xpath: //span[@id='spnJobCardTitleId']] Text value found for the :[[ChromeDriver: chrome on WINDOWS (b228fc3273fb6429bf57394df026c2c6)] -> xpath: //span[@id='spnJobCardCityId']] Text value found for the :[[ChromeDriver: chrome on WINDOWS (b228fc3273fb6429bf57394df026c2c6)] -> xpath: //div[@id='divJobCardDescId']] Text value found for the :[[ChromeDriver: chrome on WINDOWS (b228fc3273fb6429bf57394df026c2c6)] -> xpath: //span[@id='spnJobCardTitleId']] Text value found for the :[[ChromeDriver: chrome on WINDOWS (b228fc3273fb6429bf57394df026c2c6)] -> xpath: //span[@id='spnJobCardCityId']] Text value found for the :[[ChromeDriver: chrome on WINDOWS (b228fc3273fb6429bf57394df026c2c6)] -> xpath: //div[@id='divJobCardDescId']] Text value found for the :[[ChromeDriver: chrome on WINDOWS (b228fc3273fb6429bf57394df026c2c6)] -> xpath: //span[@id='spnJobCardTitleId']] Text value found for the :[[ChromeDriver: chrome on WINDOWS (b228fc3273fb6429bf57394df026c2c6)] -> xpath: //span[@id='spnJobCardCityId']] Text value found for the :[[ChromeDriver: chrome on WINDOWS (b228fc3273fb6429bf57394df026c2c6)] -> xpath: //div[@id='divJobCardDescId']] Text value found for the :[[ChromeDriver: chrome on WINDOWS (b228fc3273fb6429bf57394df026c2c6)] -> xpath: //span[@id='spnJobCardTitleId']] Text value found for the :[[ChromeDriver: chrome on WINDOWS (b228fc3273fb6429bf57394df026c2c6)] -> xpath: //span[@id='spnJobCardCityId']] Text value found for the :[[ChromeDriver: chrome on WINDOWS (b228fc3273fb6429bf57394df026c2c6)] -> xpath: //div[@id='divJobCardDescId']] Text value found for the :[[ChromeDriver: chrome on WINDOWS (b228fc3273fb6429bf57394df026c2c6)] -> xpath: //span[@id='spnJobCardTitleId']] Text value found for the :[[ChromeDriver: chrome on WINDOWS (b228fc3273fb6429bf57394df026c2c6)] -> xpath: //span[@id='spnJobCardCityId']] Text value found for the :[[ChromeDriver: chrome on WINDOWS (b228fc3273fb6429bf57394df026c2c6)] -> xpath: //div[@id='divJobCardDescId']] Text value found for the :[[ChromeDriver: chrome on WINDOWS (b228fc3273fb6429bf57394df026c2c6)] -> xpath: //span[@id='spnJobCardTitleId']] Text value found for the :[[ChromeDriver: chrome on WINDOWS (b228fc3273fb6429bf57394df026c2c6)] -> xpath: //span[@id='spnJobCardCityId']] Text value found for the :[[ChromeDriver: chrome on WINDOWS (b228fc3273fb6429bf57394df026c2c6)] -> xpath: //div[@id='divJobCardDescId']] Text value found for the :[[ChromeDriver: chrome on WINDOWS (b228fc3273fb6429bf57394df026c2c6)] -> xpath: //span[@id='spnJobCardTitleId']] Text value found for the :[[ChromeDriver: chrome on WINDOWS (b228fc3273fb6429bf57394df026c2c6)] -> xpath: //span[@id='spnJobCardCityId']] Text value found for the :[[ChromeDriver: chrome on WINDOWS (b228fc3273fb6429bf57394df026c2c6)] -> xpath: //div[@id='divJobCardDescId']] Text value found for the :[[ChromeDriver: chrome on WINDOWS (b228fc3273fb6429bf57394df026c2c6)] -> xpath: //span[@id='spnJobCardTitleId']] Text value found for the :[[ChromeDriver: chrome on WINDOWS (b228fc3273fb6429bf57394df026c2c6)] -> xpath: //span[@id='spnJobCardCityId']] Text value found for the :[[ChromeDriver: chrome on WINDOWS (b228fc3273fb6429bf57394df026c2c6)] -> xpath: //div[@id='divJobCardDescId']] Text value found for the :[[ChromeDriver: chrome on WINDOWS (b228fc3273fb6429bf57394df026c2c6)] -> xpath: //span[@id='spnJobCardTitleId']] Text value found for the :[[ChromeDriver: chrome on WINDOWS (b228fc3273fb6429bf57394df026c2c6)] -> xpath: //span[@id='spnJobCardCityId']] Text value found for the :[[ChromeDriver: chrome on WINDOWS (b228fc3273fb6429bf57394df026c2c6)] -> xpath: //div[@id='divJobCardDescId']] Text value found for the :[[ChromeDriver: chrome on WINDOWS (b228fc3273fb6429bf57394df026c2c6)] -> xpath: //span[@id='spnJobCardTitleId']] Text value found for the :[[ChromeDriver: chrome on WINDOWS (b228fc3273fb6429bf57394df026c2c6)] -> xpath: //span[@id='spnJobCardCityId']] Text value found for the :[[ChromeDriver: chrome on WINDOWS (b228fc3273fb6429bf57394df026c2c6)] -> xpath: //div[@id='divJobCardDescId']] Text value found for the :[[ChromeDriver: chrome on WINDOWS (b228fc3273fb6429bf57394df026c2c6)] -> xpath: //span[@id='spnJobCardTitleId']] Text value found for the :[[ChromeDriver: chrome on WINDOWS (b228fc3273fb6429bf57394df026c2c6)] -> xpath: //span[@id='spnJobCardCityId']] Text value found for the :[[ChromeDriver: chrome on WINDOWS (b228fc3273fb6429bf57394df026c2c6)] -> xpath: //div[@id='divJobCardDescId']] Text value found for the :[[ChromeDriver: chrome on WINDOWS (b228fc3273fb6429bf57394df026c2c6)] -> xpath: //span[@id='spnJobCardTitleId']] Text value found for the :[[ChromeDriver: chrome on WINDOWS (b228fc3273fb6429bf57394df026c2c6)] -> xpath: //span[@id='spnJobCardCityId']] Text value found for the :[[ChromeDriver: chrome on WINDOWS (b228fc3273fb6429bf57394df026c2c6)] -> xpath: //div[@id='divJobCardDescId']] Text value found for the :[[ChromeDriver: chrome on WINDOWS (b228fc3273fb6429bf57394df026c2c6)] -> xpath: //span[@id='spnJobCardTitleId']] Text value found for the :[[ChromeDriver: chrome on WINDOWS (b228fc3273fb6429bf57394df026c2c6)] -> xpath: //span[@id='spnJobCardCityId']] Text value found for the :[[ChromeDriver: chrome on WINDOWS (b228fc3273fb6429bf57394df026c2c6)] -> xpath: //div[@id='divJobCardDescId']] Text value found for the :[[ChromeDriver: chrome on WINDOWS (b228fc3273fb6429bf57394df026c2c6)] -> xpath: //span[@id='spnJobCardTitleId']] Text value found for the :[[ChromeDriver: chrome on WINDOWS (b228fc3273fb6429bf57394df026c2c6)] -> xpath: //span[@id='spnJobCardCityId']] Text value found for the :[[ChromeDriver: chrome on WINDOWS (b228fc3273fb6429bf57394df026c2c6)] -> xpath: //div[@id='divJobCardDescId']] Text value found for the :[[ChromeDriver: chrome on WINDOWS (b228fc3273fb6429bf57394df026c2c6)] -> xpath: //span[@id='spnJobCardTitleId']] Text value found for the :[[ChromeDriver: chrome on WINDOWS (b228fc3273fb6429bf57394df026c2c6)] -> xpath: //span[@id='spnJobCardCityId']] Text value found for the :[[ChromeDriver: chrome on WINDOWS (b228fc3273fb6429bf57394df026c2c6)] -> xpath: //div[@id='divJobCardDescId']] Text value found for the :[[ChromeDriver: chrome on WINDOWS (b228fc3273fb6429bf57394df026c2c6)] -> xpath: //span[@id='spnJobCardTitleId']] Text value found for the :[[ChromeDriver: chrome on WINDOWS (b228fc3273fb6429bf57394df026c2c6)] -> xpath: //span[@id='spnJobCardCityId']] Text value found for the :[[ChromeDriver: chrome on WINDOWS (b228fc3273fb6429bf57394df026c2c6)] -> xpath: //div[@id='divJobCardDescId']] Text value found for the :[[ChromeDriver: chrome on WINDOWS (b228fc3273fb6429bf57394df026c2c6)] -> xpath: //span[@id='spnJobCardTitleId']] Text value found for the :[[ChromeDriver: chrome on WINDOWS (b228fc3273fb6429bf57394df026c2c6)] -> xpath: //span[@id='spnJobCardCityId']] Text value found for the :[[ChromeDriver: chrome on WINDOWS (b228fc3273fb6429bf57394df026c2c6)] -> xpath: //div[@id='divJobCardDescId']] Text value found for the :[[ChromeDriver: chrome on WINDOWS (b228fc3273fb6429bf57394df026c2c6)] -> xpath: //span[@id='spnJobCardTitleId']] Text value found for the :[[ChromeDriver: chrome on WINDOWS (b228fc3273fb6429bf57394df026c2c6)] -> xpath: //span[@id='spnJobCardCityId']] Text value found for the :[[ChromeDriver: chrome on WINDOWS (b228fc3273fb6429bf57394df026c2c6)] -> xpath: //div[@id='divJobCardDescId']] Text value found for the :[[ChromeDriver: chrome on WINDOWS (b228fc3273fb6429bf57394df026c2c6)] -> xpath: //span[@id='spnJobCardTitleId']] Text value found for the :[[ChromeDriver: chrome on WINDOWS (b228fc3273fb6429bf57394df026c2c6)] -> xpath: //span[@id='spnJobCardCityId']] Text value found for the :[[ChromeDriver: chrome on WINDOWS (b228fc3273fb6429bf57394df026c2c6)] -> xpath: //div[@id='divJobCardDescId']] Text value found for the :[[ChromeDriver: chrome on WINDOWS (b228fc3273fb6429bf57394df026c2c6)] -> xpath: //span[@id='spnJobCardTitleId']] Text value found for the :[[ChromeDriver: chrome on WINDOWS (b228fc3273fb6429bf57394df026c2c6)] -> xpath: //span[@id='spnJobCardCityId']] Text value found for the :[[ChromeDriver: chrome on WINDOWS (b228fc3273fb6429bf57394df026c2c6)] -> xpath: //div[@id='divJobCardDescId']] Text value found for the :[[ChromeDriver: chrome on WINDOWS (b228fc3273fb6429bf57394df026c2c6)] -> xpath: //span[@id='spnJobCardTitleId']] Text value found for the :[[ChromeDriver: chrome on WINDOWS (b228fc3273fb6429bf57394df026c2c6)] -> xpath: //span[@id='spnJobCardCityId']] Text value found for the :[[ChromeDriver: chrome on WINDOWS (b228fc3273fb6429bf57394df026c2c6)] -> xpath: //div[@id='divJobCardDescId']] Text value found for the :[[ChromeDriver: chrome on WINDOWS (b228fc3273fb6429bf57394df026c2c6)] -> xpath: //span[@id='spnJobCardTitleId']] Text value found for the :[[ChromeDriver: chrome on WINDOWS (b228fc3273fb6429bf57394df026c2c6)] -> xpath: //span[@id='spnJobCardCityId']] Text value found for the :[[ChromeDriver: chrome on WINDOWS (b228fc3273fb6429bf57394df026c2c6)] -> xpath: //div[@id='divJobCardDescId']] Text value found for the :[[ChromeDriver: chrome on WINDOWS (b228fc3273fb6429bf57394df026c2c6)] -> xpath: //span[@id='spnJobCardTitleId']] Text value found for the :[[ChromeDriver: chrome on WINDOWS (b228fc3273fb6429bf57394df026c2c6)] -> xpath: //span[@id='spnJobCardCityId']] Text value found for the :[[ChromeDriver: chrome on WINDOWS (b228fc3273fb6429bf57394df026c2c6)] -> xpath: //div[@id='divJobCardDescId']] Text value found for the :[[ChromeDriver: chrome on WINDOWS (b228fc3273fb6429bf57394df026c2c6)] -> xpath: //span[@id='spnJobCardTitleId']] Text value found for the :[[ChromeDriver: chrome on WINDOWS (b228fc3273fb6429bf57394df026c2c6)] -> xpath: //span[@id='spnJobCardCityId']] Text value found for the :[[ChromeDriver: chrome on WINDOWS (b228fc3273fb6429bf57394df026c2c6)] -> xpath: //div[@id='divJobCardDescId']] Text value found for the :[[ChromeDriver: chrome on WINDOWS (b228fc3273fb6429bf57394df026c2c6)] -> xpath: //span[@id='spnJobCardTitleId']] Text value found for the :[[ChromeDriver: chrome on WINDOWS (b228fc3273fb6429bf57394df026c2c6)] -> xpath: //span[@id='spnJobCardCityId']] Text value found for the :[[ChromeDriver: chrome on WINDOWS (b228fc3273fb6429bf57394df026c2c6)] -> xpath: //div[@id='divJobCardDescId']] Text value found for the :[[ChromeDriver: chrome on WINDOWS (b228fc3273fb6429bf57394df026c2c6)] -> xpath: //span[@id='spnJobCardTitleId']] Text value found for the :[[ChromeDriver: chrome on WINDOWS (b228fc3273fb6429bf57394df026c2c6)] -> xpath: //span[@id='spnJobCardCityId']] Text value found for the :[[ChromeDriver: chrome on WINDOWS (b228fc3273fb6429bf57394df026c2c6)] -> xpath: //div[@id='divJobCardDescId']] Text value found for the :[[ChromeDriver: chrome on WINDOWS (b228fc3273fb6429bf57394df026c2c6)] -> xpath: //span[@id='spnJobCardTitleId']] Text value found for the :[[ChromeDriver: chrome on WINDOWS (b228fc3273fb6429bf57394df026c2c6)] -> xpath: //span[@id='spnJobCardCityId']] Text value found for the :[[ChromeDriver: chrome on WINDOWS (b228fc3273fb6429bf57394df026c2c6)] -> xpath: //div[@id='divJobCardDescId']] Text value found for the :[[ChromeDriver: chrome on WINDOWS (b228fc3273fb6429bf57394df026c2c6)] -> xpath: //span[@id='spnJobCardTitleId']] Text value found for the :[[ChromeDriver: chrome on WINDOWS (b228fc3273fb6429bf57394df026c2c6)] -> xpath: //span[@id='spnJobCardCityId']] Text value found for the :[[ChromeDriver: chrome on WINDOWS (b228fc3273fb6429bf57394df026c2c6)] -> xpath: //div[@id='divJobCardDescId']] Text value found for the :[[ChromeDriver: chrome on WINDOWS (b228fc3273fb6429bf57394df026c2c6)] -> xpath: //span[@id='spnJobCardTitleId']] Text value found for the :[[ChromeDriver: chrome on WINDOWS (b228fc3273fb6429bf57394df026c2c6)] -> xpath: //span[@id='spnJobCardCityId']] Text value found for the :[[ChromeDriver: chrome on WINDOWS (b228fc3273fb6429bf57394df026c2c6)] -> xpath: //div[@id='divJobCardDescId']] Text value found for the :[[ChromeDriver: chrome on WINDOWS (b228fc3273fb6429bf57394df026c2c6)] -> xpath: //span[@id='spnJobCardTitleId']] Text value found for the :[[ChromeDriver: chrome on WINDOWS (b228fc3273fb6429bf57394df026c2c6)] -> xpath: //span[@id='spnJobCardCityId']] Text value found for the :[[ChromeDriver: chrome on WINDOWS (b228fc3273fb6429bf57394df026c2c6)] -> xpath: //div[@id='divJobCardDescId']] Text value found for the :[[ChromeDriver: chrome on WINDOWS (b228fc3273fb6429bf57394df026c2c6)] -> xpath: //span[@id='spnJobCardTitleId']] Text value found for the :[[ChromeDriver: chrome on WINDOWS (b228fc3273fb6429bf57394df026c2c6)] -> xpath: //span[@id='spnJobCardCityId']] Text value found for the :[[ChromeDriver: chrome on WINDOWS (b228fc3273fb6429bf57394df026c2c6)] -> xpath: //div[@id='divJobCardDescId']] Text value found for the :[[ChromeDriver: chrome on WINDOWS (b228fc3273fb6429bf57394df026c2c6)] -> xpath: //span[@id='spnJobCardTitleId']] Text value found for the :[[ChromeDriver: chrome on WINDOWS (b228fc3273fb6429bf57394df026c2c6)] -> xpath: //span[@id='spnJobCardCityId']] Text value found for the :[[ChromeDriver: chrome on WINDOWS (b228fc3273fb6429bf57394df026c2c6)] -> xpath: //div[@id='divJobCardDescId']] Text value found for the :[[ChromeDriver: chrome on WINDOWS (b228fc3273fb6429bf57394df026c2c6)] -> xpath: //span[@id='spnJobCardTitleId']] Text value found for the :[[ChromeDriver: chrome on WINDOWS (b228fc3273fb6429bf57394df026c2c6)] -> xpath: //span[@id='spnJobCardCityId']] Text value found for the :[[ChromeDriver: chrome on WINDOWS (b228fc3273fb6429bf57394df026c2c6)] -> xpath: //div[@id='divJobCardDescId']] Text value found for the :[[ChromeDriver: chrome on WINDOWS (b228fc3273fb6429bf57394df026c2c6)] -> xpath: //span[@id='spnJobCardTitleId']] Text value found for the :[[ChromeDriver: chrome on WINDOWS (b228fc3273fb6429bf57394df026c2c6)] -> xpath: //span[@id='spnJobCardCityId']] Text value found for the :[[ChromeDriver: chrome on WINDOWS (b228fc3273fb6429bf57394df026c2c6)] -> xpath: //div[@id='divJobCardDescId']] Text value found for the :[[ChromeDriver: chrome on WINDOWS (b228fc3273fb6429bf57394df026c2c6)] -> xpath: //span[@id='spnJobCardTitleId']] Text value found for the :[[ChromeDriver: chrome on WINDOWS (b228fc3273fb6429bf57394df026c2c6)] -> xpath: //span[@id='spnJobCardCityId']] Text value found for the :[[ChromeDriver: chrome on WINDOWS (b228fc3273fb6429bf57394df026c2c6)] -> xpath: //div[@id='divJobCardDescId']] Text value found for the :[[ChromeDriver: chrome on WINDOWS (b228fc3273fb6429bf57394df026c2c6)] -> xpath: //span[@id='spnJobCardTitleId']] Text value found for the :[[ChromeDriver: chrome on WINDOWS (b228fc3273fb6429bf57394df026c2c6)] -> xpath: //span[@id='spnJobCardCityId']] Text value found for the :[[ChromeDriver: chrome on WINDOWS (b228fc3273fb6429bf57394df026c2c6)] -> xpath: //div[@id='divJobCardDescId']] Text value found for the :[[ChromeDriver: chrome on WINDOWS (b228fc3273fb6429bf57394df026c2c6)] -> xpath: //span[@id='spnJobCardTitleId']] Text value found for the :[[ChromeDriver: chrome on WINDOWS (b228fc3273fb6429bf57394df026c2c6)] -> xpath: //span[@id='spnJobCardCityId']] Text value found for the :[[ChromeDriver: chrome on WINDOWS (b228fc3273fb6429bf57394df026c2c6)] -> xpath: //div[@id='divJobCardDescId']] Text value found for the :[[ChromeDriver: chrome on WINDOWS (b228fc3273fb6429bf57394df026c2c6)] -> xpath: //span[@id='spnJobCardTitleId']] Text value found for the :[[ChromeDriver: chrome on WINDOWS (b228fc3273fb6429bf57394df026c2c6)] -> xpath: //span[@id='spnJobCardCityId']] Text value found for the :[[ChromeDriver: chrome on WINDOWS (b228fc3273fb6429bf57394df026c2c6)] -> xpath: //div[@id='divJobCardDescId']] Text value found for the :[[ChromeDriver: chrome on WINDOWS (b228fc3273fb6429bf57394df026c2c6)] -> xpath: //span[@id='spnJobCardTitleId']] Text value found for the :[[ChromeDriver: chrome on WINDOWS (b228fc3273fb6429bf57394df026c2c6)] -> xpath: //span[@id='spnJobCardCityId']] Text value found for the :[[ChromeDriver: chrome on WINDOWS (b228fc3273fb6429bf57394df026c2c6)] -> xpath: //div[@id='divJobCardDescId']] Text value found for the :[[ChromeDriver: chrome on WINDOWS (b228fc3273fb6429bf57394df026c2c6)] -> xpath: //span[@id='spnJobCardTitleId']] Text value found for the :[[ChromeDriver: chrome on WINDOWS (b228fc3273fb6429bf57394df026c2c6)] -> xpath: //span[@id='spnJobCardCityId']] Text value found for the :[[ChromeDriver: chrome on WINDOWS (b228fc3273fb6429bf57394df026c2c6)] -> xpath: //div[@id='divJobCardDescId']] Text value found for the :[[ChromeDriver: chrome on WINDOWS (b228fc3273fb6429bf57394df026c2c6)] -> xpath: //span[@id='spnJobCardTitleId']] Text value found for the :[[ChromeDriver: chrome on WINDOWS (b228fc3273fb6429bf57394df026c2c6)] -> xpath: //span[@id='spnJobCardCityId']] Text value found for the :[[ChromeDriver: chrome on WINDOWS (b228fc3273fb6429bf57394df026c2c6)] -> xpath: //div[@id='divJobCardDescId']] Text value found for the :[[ChromeDriver: chrome on WINDOWS (b228fc3273fb6429bf57394df026c2c6)] -> xpath: //span[@id='spnJobCardTitleId']] Text value found for the :[[ChromeDriver: chrome on WINDOWS (b228fc3273fb6429bf57394df026c2c6)] -> xpath: //span[@id='spnJobCardCityId']] Text value found for the :[[ChromeDriver: chrome on WINDOWS (b228fc3273fb6429bf57394df026c2c6)] -> xpath: //div[@id='divJobCardDescId']] Text value found for the :[[ChromeDriver: chrome on WINDOWS (b228fc3273fb6429bf57394df026c2c6)] -> xpath: //span[@id='spnJobCardTitleId']] Text value found for the :[[ChromeDriver: chrome on WINDOWS (b228fc3273fb6429bf57394df026c2c6)] -> xpath: //span[@id='spnJobCardCityId']] Text value found for the :[[ChromeDriver: chrome on WINDOWS (b228fc3273fb6429bf57394df026c2c6)] -> xpath: //div[@id='divJobCardDescId']] Text value found for the :[[ChromeDriver: chrome on WINDOWS (b228fc3273fb6429bf57394df026c2c6)] -> xpath: //span[@id='spnJobCardTitleId']] Text value found for the :[[ChromeDriver: chrome on WINDOWS (b228fc3273fb6429bf57394df026c2c6)] -> xpath: //span[@id='spnJobCardCityId']] Text value found for the :[[ChromeDriver: chrome on WINDOWS (b228fc3273fb6429bf57394df026c2c6)] -> xpath: //div[@id='divJobCardDescId']] Text value found for the :[[ChromeDriver: chrome on WINDOWS (b228fc3273fb6429bf57394df026c2c6)] -> xpath: //span[@id='spnJobCardTitleId']] Text value found for the :[[ChromeDriver: chrome on WINDOWS (b228fc3273fb6429bf57394df026c2c6)] -> xpath: //span[@id='spnJobCardCityId']] Text value found for the :[[ChromeDriver: chrome on WINDOWS (b228fc3273fb6429bf57394df026c2c6)] -> xpath: //div[@id='divJobCardDescId']] Text value found for the :[[ChromeDriver: chrome on WINDOWS (b228fc3273fb6429bf57394df026c2c6)] -> xpath: //span[@id='spnJobCardTitleId']] Text value found for the :[[ChromeDriver: chrome on WINDOWS (b228fc3273fb6429bf57394df026c2c6)] -> xpath: //span[@id='spnJobCardCityId']] Text value found for the :[[ChromeDriver: chrome on WINDOWS (b228fc3273fb6429bf57394df026c2c6)] -> xpath: //div[@id='divJobCardDescId']] Text value found for the :[[ChromeDriver: chrome on WINDOWS (b228fc3273fb6429bf57394df026c2c6)] -> xpath: //span[@id='spnJobCardTitleId']] Text value found for the :[[ChromeDriver: chrome on WINDOWS (b228fc3273fb6429bf57394df026c2c6)] -> xpath: //span[@id='spnJobCardCityId']] Text value found for the :[[ChromeDriver: chrome on WINDOWS (b228fc3273fb6429bf57394df026c2c6)] -> xpath: //div[@id='divJobCardDescId']] Text value found for the :[[ChromeDriver: chrome on WINDOWS (b228fc3273fb6429bf57394df026c2c6)] -> xpath: //span[@id='spnJobCardTitleId']] Text value found for the :[[ChromeDriver: chrome on WINDOWS (b228fc3273fb6429bf57394df026c2c6)] -> xpath: //span[@id='spnJobCardCityId']] Text value found for the :[[ChromeDriver: chrome on WINDOWS (b228fc3273fb6429bf57394df026c2c6)] -> xpath: //div[@id='divJobCardDescId']] Text value found for the :[[ChromeDriver: chrome on WINDOWS (b228fc3273fb6429bf57394df026c2c6)] -> xpath: //span[@id='spnJobCardTitleId']] Text value found for the :[[ChromeDriver: chrome on WINDOWS (b228fc3273fb6429bf57394df026c2c6)] -> xpath: //span[@id='spnJobCardCityId']] Text value found for the :[[ChromeDriver: chrome on WINDOWS (b228fc3273fb6429bf57394df026c2c6)] -> xpath: //div[@id='divJobCardDescId']] Text value found for the :[[ChromeDriver: chrome on WINDOWS (b228fc3273fb6429bf57394df026c2c6)] -> xpath: //span[@id='spnJobCardTitleId']] Text value found for the :[[ChromeDriver: chrome on WINDOWS (b228fc3273fb6429bf57394df026c2c6)] -> xpath: //span[@id='spnJobCardCityId']] Text value found for the :[[ChromeDriver: chrome on WINDOWS (b228fc3273fb6429bf57394df026c2c6)] -> xpath: //div[@id='divJobCardDescId']] Text value found for the :[[ChromeDriver: chrome on WINDOWS (b228fc3273fb6429bf57394df026c2c6)] -> xpath: //span[@id='spnJobCardTitleId']] Text value found for the :[[ChromeDriver: chrome on WINDOWS (b228fc3273fb6429bf57394df026c2c6)] -> xpath: //span[@id='spnJobCardCityId']] Text value found for the :[[ChromeDriver: chrome on WINDOWS (b228fc3273fb6429bf57394df026c2c6)] -> xpath: //div[@id='divJobCardDescId']] Text value found for the :[[ChromeDriver: chrome on WINDOWS (b228fc3273fb6429bf57394df026c2c6)] -> xpath: //span[@id='spnJobCardTitleId']] Text value found for the :[[ChromeDriver: chrome on WINDOWS (b228fc3273fb6429bf57394df026c2c6)] -> xpath: //span[@id='spnJobCardCityId']] Text value found for the :[[ChromeDriver: chrome on WINDOWS (b228fc3273fb6429bf57394df026c2c6)] -> xpath: //div[@id='divJobCardDescId']] Text value found for the :[[ChromeDriver: chrome on WINDOWS (b228fc3273fb6429bf57394df026c2c6)] -> xpath: //span[@id='spnJobCardTitleId']] Text value found for the :[[ChromeDriver: chrome on WINDOWS (b228fc3273fb6429bf57394df026c2c6)] -> xpath: //span[@id='spnJobCardCityId']] Text value found for the :[[ChromeDriver: chrome on WINDOWS (b228fc3273fb6429bf57394df026c2c6)] -> xpath: //div[@id='divJobCardDescId']] Text value found for the :[[ChromeDriver: chrome on WINDOWS (b228fc3273fb6429bf57394df026c2c6)] -> xpath: //span[@id='spnJobCardTitleId']] Text value found for the :[[ChromeDriver: chrome on WINDOWS (b228fc3273fb6429bf57394df026c2c6)] -> xpath: //span[@id='spnJobCardCityId']] Text value found for the :[[ChromeDriver: chrome on WINDOWS (b228fc3273fb6429bf57394df026c2c6)] -> xpath: //div[@id='divJobCardDescId']] Text value found for the :[[ChromeDriver: chrome on WINDOWS (b228fc3273fb6429bf57394df026c2c6)] -> xpath: //span[@id='spnJobCardTitleId']] Text value found for the :[[ChromeDriver: chrome on WINDOWS (b228fc3273fb6429bf57394df026c2c6)] -> xpath: //span[@id='spnJobCardCityId']] Text value found for the :[[ChromeDriver: chrome on WINDOWS (b228fc3273fb6429bf57394df026c2c6)] -> xpath: //div[@id='divJobCardDescId']] Text value found for the :[[ChromeDriver: chrome on WINDOWS (b228fc3273fb6429bf57394df026c2c6)] -> xpath: //span[@id='spnJobCardTitleId']] Text value found for the :[[ChromeDriver: chrome on WINDOWS (b228fc3273fb6429bf57394df026c2c6)] -> xpath: //span[@id='spnJobCardCityId']] Text value found for the :[[ChromeDriver: chrome on WINDOWS (b228fc3273fb6429bf57394df026c2c6)] -> xpath: //div[@id='divJobCardDescId']] Text value found for the :[[ChromeDriver: chrome on WINDOWS (b228fc3273fb6429bf57394df026c2c6)] -> xpath: //span[@id='spnJobCardTitleId']] Text value found for the :[[ChromeDriver: chrome on WINDOWS (b228fc3273fb6429bf57394df026c2c6)] -> xpath: //span[@id='spnJobCardCityId']] Text value found for the :[[ChromeDriver: chrome on WINDOWS (b228fc3273fb6429bf57394df026c2c6)] -> xpath: //div[@id='divJobCardDescId']] Text value found for the :[[ChromeDriver: chrome on WINDOWS (b228fc3273fb6429bf57394df026c2c6)] -> xpath: //span[@id='spnJobCardTitleId']] Text value found for the :[[ChromeDriver: chrome on WINDOWS (b228fc3273fb6429bf57394df026c2c6)] -> xpath: //span[@id='spnJobCardCityId']] Text value found for the :[[ChromeDriver: chrome on WINDOWS (b228fc3273fb6429bf57394df026c2c6)] -> xpath: //div[@id='divJobCardDescId']] Text value found for the :[[ChromeDriver: chrome on WINDOWS (b228fc3273fb6429bf57394df026c2c6)] -> xpath: //span[@id='spnJobCardTitleId']] Text value found for the :[[ChromeDriver: chrome on WINDOWS (b228fc3273fb6429bf57394df026c2c6)] -> xpath: //span[@id='spnJobCardCityId']] Text value found for the :[[ChromeDriver: chrome on WINDOWS (b228fc3273fb6429bf57394df026c2c6)] -> xpath: //div[@id='divJobCardDescId']] Text value found for the :[[ChromeDriver: chrome on WINDOWS (b228fc3273fb6429bf57394df026c2c6)] -> xpath: //span[@id='spnJobCardTitleId']] Text value found for the :[[ChromeDriver: chrome on WINDOWS (b228fc3273fb6429bf57394df026c2c6)] -> xpath: //span[@id='spnJobCardCityId']] Text value found for the :[[ChromeDriver: chrome on WINDOWS (b228fc3273fb6429bf57394df026c2c6)] -> xpath: //div[@id='divJobCardDescId']] Text value found for the :[[ChromeDriver: chrome on WINDOWS (b228fc3273fb6429bf57394df026c2c6)] -> xpath: //span[@id='spnJobCardTitleId']] Text value found for the :[[ChromeDriver: chrome on WINDOWS (b228fc3273fb6429bf57394df026c2c6)] -> xpath: //span[@id='spnJobCardCityId']] Text value found for the :[[ChromeDriver: chrome on WINDOWS (b228fc3273fb6429bf57394df026c2c6)] -> xpath: //div[@id='divJobCardDescId']] Text value found for the :[[ChromeDriver: chrome on WINDOWS (b228fc3273fb6429bf57394df026c2c6)] -> xpath: //span[@id='spnJobCardTitleId']] Text value found for the :[[ChromeDriver: chrome on WINDOWS (b228fc3273fb6429bf57394df026c2c6)] -> xpath: //span[@id='spnJobCardCityId']] Text value found for the :[[ChromeDriver: chrome on WINDOWS (b228fc3273fb6429bf57394df026c2c6)] -> xpath: //div[@id='divJobCardDescId']] Text value found for the :[[ChromeDriver: chrome on WINDOWS (b228fc3273fb6429bf57394df026c2c6)] -> xpath: //span[@id='spnJobCardTitleId']] Text value found for the :[[ChromeDriver: chrome on WINDOWS (b228fc3273fb6429bf57394df026c2c6)] -> xpath: //span[@id='spnJobCardCityId']] Text value found for the :[[ChromeDriver: chrome on WINDOWS (b228fc3273fb6429bf57394df026c2c6)] -> xpath: //div[@id='divJobCardDescId']] Text value found for the :[[ChromeDriver: chrome on WINDOWS (b228fc3273fb6429bf57394df026c2c6)] -> xpath: //span[@id='spnJobCardTitleId']] Text value found for the :[[ChromeDriver: chrome on WINDOWS (b228fc3273fb6429bf57394df026c2c6)] -> xpath: //span[@id='spnJobCardCityId']] Text value found for the :[[ChromeDriver: chrome on WINDOWS (b228fc3273fb6429bf57394df026c2c6)] -> xpath: //div[@id='divJobCardDescId']] Text value found for the :[[ChromeDriver: chrome on WINDOWS (b228fc3273fb6429bf57394df026c2c6)] -> xpath: //span[@id='spnJobCardTitleId']] Text value found for the :[[ChromeDriver: chrome on WINDOWS (b228fc3273fb6429bf57394df026c2c6)] -> xpath: //span[@id='spnJobCardCityId']] Text value found for the :[[ChromeDriver: chrome on WINDOWS (b228fc3273fb6429bf57394df026c2c6)] -> xpath: //div[@id='divJobCardDescId']] Text value found for the :[[ChromeDriver: chrome on WINDOWS (b228fc3273fb6429bf57394df026c2c6)] -> xpath: //span[@id='spnJobCardTitleId']] Text value found for the :[[ChromeDriver: chrome on WINDOWS (b228fc3273fb6429bf57394df026c2c6)] -> xpath: //span[@id='spnJobCardCityId']] Text value found for the :[[ChromeDriver: chrome on WINDOWS (b228fc3273fb6429bf57394df026c2c6)] -> xpath: //div[@id='divJobCardDescId']] Text value found for the :[[ChromeDriver: chrome on WINDOWS (b228fc3273fb6429bf57394df026c2c6)] -> xpath: //span[@id='spnJobCardTitleId']] Text value found for the :[[ChromeDriver: chrome on WINDOWS (b228fc3273fb6429bf57394df026c2c6)] -> xpath: //span[@id='spnJobCardCityId']] Text value found for the :[[ChromeDriver: chrome on WINDOWS (b228fc3273fb6429bf57394df026c2c6)] -> xpath: //div[@id='divJobCardDescId']] Text value found for the :[[ChromeDriver: chrome on WINDOWS (b228fc3273fb6429bf57394df026c2c6)] -> xpath: //span[@id='spnJobCardTitleId']] Text value found for the :[[ChromeDriver: chrome on WINDOWS (b228fc3273fb6429bf57394df026c2c6)] -> xpath: //span[@id='spnJobCardCityId']] Text value found for the :[[ChromeDriver: chrome on WINDOWS (b228fc3273fb6429bf57394df026c2c6)] -> xpath: //div[@id='divJobCardDescId']] Text value found for the :[[ChromeDriver: chrome on WINDOWS (b228fc3273fb6429bf57394df026c2c6)] -> xpath: //span[@id='spnJobCardTitleId']] Text value found for the :[[ChromeDriver: chrome on WINDOWS (b228fc3273fb6429bf57394df026c2c6)] -> xpath: //span[@id='spnJobCardCityId']] Text value found for the :[[ChromeDriver: chrome on WINDOWS (b228fc3273fb6429bf57394df026c2c6)] -> xpath: //div[@id='divJobCardDescId']] Text value found for the :[[ChromeDriver: chrome on WINDOWS (b228fc3273fb6429bf57394df026c2c6)] -> xpath: //span[@id='spnJobCardTitleId']] Text value found for the :[[ChromeDriver: chrome on WINDOWS (b228fc3273fb6429bf57394df026c2c6)] -> xpath: //span[@id='spnJobCardCityId']] Text value found for the :[[ChromeDriver: chrome on WINDOWS (b228fc3273fb6429bf57394df026c2c6)] -> xpath: //div[@id='divJobCardDescId']] Text value found for the :[[ChromeDriver: chrome on WINDOWS (b228fc3273fb6429bf57394df026c2c6)] -> xpath: //span[@id='spnJobCardTitleId']] Text value found for the :[[ChromeDriver: chrome on WINDOWS (b228fc3273fb6429bf57394df026c2c6)] -> xpath: //span[@id='spnJobCardCityId']] Text value found for the :[[ChromeDriver: chrome on WINDOWS (b228fc3273fb6429bf57394df026c2c6)] -> xpath: //div[@id='divJobCardDescId']] Text value found for the :[[ChromeDriver: chrome on WINDOWS (b228fc3273fb6429bf57394df026c2c6)] -> xpath: //span[@id='spnJobCardTitleId']] Text value found for the :[[ChromeDriver: chrome on WINDOWS (b228fc3273fb6429bf57394df026c2c6)] -> xpath: //span[@id='spnJobCardCityId']] Text value found for the :[[ChromeDriver: chrome on WINDOWS (b228fc3273fb6429bf57394df026c2c6)] -> xpath: //div[@id='divJobCardDescId']] Text value found for the :[[ChromeDriver: chrome on WINDOWS (b228fc3273fb6429bf57394df026c2c6)] -> xpath: //span[@id='spnJobCardTitleId']] Text value found for the :[[ChromeDriver: chrome on WINDOWS (b228fc3273fb6429bf57394df026c2c6)] -> xpath: //span[@id='spnJobCardCityId']] Text value found for the :[[ChromeDriver: chrome on WINDOWS (b228fc3273fb6429bf57394df026c2c6)] -> xpath: //div[@id='divJobCardDescId']] Text value found for the :[[ChromeDriver: chrome on WINDOWS (b228fc3273fb6429bf57394df026c2c6)] -> xpath: //span[@id='spnJobCardTitleId']] Text value found for the :[[ChromeDriver: chrome on WINDOWS (b228fc3273fb6429bf57394df026c2c6)] -> xpath: //span[@id='spnJobCardCityId']] Text value found for the :[[ChromeDriver: chrome on WINDOWS (b228fc3273fb6429bf57394df026c2c6)] -> xpath: //div[@id='divJobCardDescId']] Text value found for the :[[ChromeDriver: chrome on WINDOWS (b228fc3273fb6429bf57394df026c2c6)] -> xpath: //span[@id='spnJobCardTitleId']] Text value found for the :[[ChromeDriver: chrome on WINDOWS (b228fc3273fb6429bf57394df026c2c6)] -> xpath: //span[@id='spnJobCardCityId']] Text value found for the :[[ChromeDriver: chrome on WINDOWS (b228fc3273fb6429bf57394df026c2c6)] -> xpath: //div[@id='divJobCardDescId']] Text value found for the :[[ChromeDriver: chrome on WINDOWS (b228fc3273fb6429bf57394df026c2c6)] -> xpath: //span[@id='spnJobCardTitleId']] Text value found for the :[[ChromeDriver: chrome on WINDOWS (b228fc3273fb6429bf57394df026c2c6)] -> xpath: //span[@id='spnJobCardCityId']] Text value found for the :[[ChromeDriver: chrome on WINDOWS (b228fc3273fb6429bf57394df026c2c6)] -> xpath: //div[@id='divJobCardDescId']] Company Name is matching profileIconCTCandidateElement is found successfully logoutCTCandidateElement is found successfully usernameCRNElement is found successfully Entered the testcm18 in the usernameCRN textbox successfully passwordCRNElement is found successfully Entered the P@ssword123 in the passwordCRN textbox successfully letsdothisCRNElement is found successfully letsdothisCRNElement is found successfully Clicked on letsdothisCRN element successfully CRN Login is done successfully redeploymentJobsMenuElement is found successfully redeploymentJobSearchTitleElement is found successfully redeploymentJobSearchTitleElement is found successfully Clicked on redeploymentJobSearchTitle element successfully redeploymentJobSearchTabElement is found successfully Expected Text matched with the Actual Text redeploymentJobMoreOptionsButtonElement is found successfully redeploymentJobMoreOptionsButtonElement is found successfully redeploymentJobSearchTitleElement is found successfully redeploymentJobSearchTitleElement is found successfully Clicked on redeploymentJobSearchTitle element successfully redeploymentJobTitleTextBoxElement is found successfully Entered the Restaurant in the redeploymentJobTitleTextBox textbox successfully Jobs are searched successfully jobSourceDropDownElement is found successfully jobSourceDropDownElement is found successfully jobSourceDropDownElement is found successfully Text value found for the :jobSourceDropDown Actual text is matched with the exptected text jobSourceDropDownElement is found successfully Able to select desired job source jobSourceDropDownElement is found successfully Text value found for the :jobSourceDropDown companyTextBoxInCTCandidateElement is found successfully companyTextBoxInCTCandidateElement is found successfully Entered the Hotel,Ruan,ThePantherGroup in the companyTextBoxInCTCandidate textbox successfully redeploymentJobSearchElement is found successfully redeploymentJobSearchElement is found successfully redeploymentResultElement is found successfully redeploymentResultElement is found successfully redeploymentResultElement is found successfully Text value found for the :redeploymentResult  </system-out>
  <testcase classname="com.lhh.test.redeploymentPhase2.RedeploymentJobSearchPhase2Tests" name="TC_63889_VerifyRemoteTypeTableIsBackFillWithValidData" time="37.741"/>
  <system-out>
Actual text is matched with the exptected text Actual text is matched with the exptected text  </system-out>
  <testcase classname="com.lhh.test.redeploymentPhase2.RedeploymentJobSearchPhase2Tests" name="TC_63170_VerifyCompanyFieldLeftBlankInJobSearch" time="148.083"/>
  <system-out>
CookieBannerCloseBtnElement is found successfully Clicked on CookieBannerCloseBtn element successfully Cookie Banner closed successfully usernameCRNElement is found successfully Entered the cmtoct in the usernameCRN textbox successfully passwordCRNElement is found successfully Entered the P@ssword123 in the passwordCRN textbox successfully letsdothisCRNElement is found successfully letsdothisCRNElement is found successfully Clicked on letsdothisCRN element successfully CRN Login is done successfully redeploymentJobsMenuElement is found successfully redeploymentJobSearchTitleElement is found successfully redeploymentJobSearchTitleElement is found successfully Clicked on redeploymentJobSearchTitle element successfully redeploymentJobSearchTabElement is found successfully Expected Text matched with the Actual Text redeploymentJobSearchTitleElement is found successfully redeploymentJobSearchTitleElement is found successfully Clicked on redeploymentJobSearchTitle element successfully redeploymentJobTitleTextBoxElement is found successfully Entered the Manager in the redeploymentJobTitleTextBox textbox successfully Jobs are searched successfully redeploymentJobMoreOptionsButtonElement is found successfully redeploymentJobMoreOptionsButtonElement is found successfully redeploymentJobSearchElement is found successfully redeploymentJobSearchElement is found successfully profileIconCTCandidateElement is found successfully logoutCTCandidateElement is found successfully usernameCRNElement is found successfully Entered the testcm18 in the usernameCRN textbox successfully passwordCRNElement is found successfully Entered the P@ssword123 in the passwordCRN textbox successfully letsdothisCRNElement is found successfully letsdothisCRNElement is found successfully Clicked on letsdothisCRN element successfully CRN Login is done successfully redeploymentJobsMenuElement is found successfully redeploymentJobSearchTitleElement is found successfully redeploymentJobSearchTitleElement is found successfully Clicked on redeploymentJobSearchTitle element successfully redeploymentJobSearchTabElement is found successfully Expected Text matched with the Actual Text redeploymentJobSearchTitleElement is found successfully redeploymentJobSearchTitleElement is found successfully Clicked on redeploymentJobSearchTitle element successfully redeploymentJobTitleTextBoxElement is found successfully Entered the LHH Sourced job WFH for CT CAN in the redeploymentJobTitleTextBox textbox successfully Jobs are searched successfully redeploymentJobMoreOptionsButtonElement is found successfully redeploymentJobMoreOptionsButtonElement is found successfully jobSourceDropDownElement is found successfully Able to select desired job source redeploymentJobSearchElement is found successfully redeploymentJobSearchElement is found successfully  </system-out>
  <testcase classname="com.lhh.test.redeploymentPhase2.RedeploymentJobSearchPhase2Tests" name="TC_63167_VerifyCompanyNameVisibleForCTCandidate" time="86.838"/>
  <system-out>
CookieBannerCloseBtnElement is found successfully Clicked on CookieBannerCloseBtn element successfully Cookie Banner closed successfully usernameCRNElement is found successfully Entered the cmtoct in the usernameCRN textbox successfully passwordCRNElement is found successfully Entered the P@ssword123 in the passwordCRN textbox successfully letsdothisCRNElement is found successfully letsdothisCRNElement is found successfully Clicked on letsdothisCRN element successfully CRN Login is done successfully redeploymentJobsMenuElement is found successfully redeploymentJobSearchTitleElement is found successfully redeploymentJobSearchTitleElement is found successfully Clicked on redeploymentJobSearchTitle element successfully redeploymentJobSearchTabElement is found successfully Expected Text matched with the Actual Text redeploymentJobMoreOptionsButtonElement is found successfully redeploymentJobMoreOptionsButtonElement is found successfully jobSourceDropDownElement is found successfully jobSourceDropDownElement is found successfully jobSourceDropDownElement is found successfully Text value found for the :jobSourceDropDown Actual text is matched with the exptected text jobSourceDropDownElement is found successfully Able to select desired job source jobSourceDropDownElement is found successfully Able to select desired job source profileIconCTCandidateElement is found successfully logoutCTCandidateElement is found successfully  </system-out>
  <testcase classname="com.lhh.test.redeploymentPhase2.RedeploymentJobSearchPhase2Tests" name="TC_63169_VerifyUserEnterMoreThanOneCompanyInCompanyField" time="146.587"/>
  <system-out>
CookieBannerCloseBtnElement is found successfully Clicked on CookieBannerCloseBtn element successfully Cookie Banner closed successfully usernameCRNElement is found successfully Entered the cmtoct in the usernameCRN textbox successfully passwordCRNElement is found successfully Entered the P@ssword123 in the passwordCRN textbox successfully letsdothisCRNElement is found successfully letsdothisCRNElement is found successfully Clicked on letsdothisCRN element successfully CRN Login is done successfully redeploymentJobsMenuElement is found successfully redeploymentJobSearchTitleElement is found successfully redeploymentJobSearchTitleElement is found successfully Clicked on redeploymentJobSearchTitle element successfully redeploymentJobSearchTabElement is found successfully Expected Text matched with the Actual Text redeploymentJobMoreOptionsButtonElement is found successfully redeploymentJobMoreOptionsButtonElement is found successfully jobSourceDropDownElement is found successfully jobSourceDropDownElement is found successfully jobSourceDropDownElement is found successfully Text value found for the :jobSourceDropDown Actual text is matched with the exptected text companyTextBoxInCTCandidateElement is found successfully Entered the Hotel,Ruan,ThePantherGroup in the companyTextBoxInCTCandidate textbox successfully redeploymentJobSearchElement is found successfully redeploymentJobSearchElement is found successfully profileIconCTCandidateElement is found successfully logoutCTCandidateElement is found successfully usernameCRNElement is found successfully Entered the testcm18 in the usernameCRN textbox successfully passwordCRNElement is found successfully Entered the P@ssword123 in the passwordCRN textbox successfully letsdothisCRNElement is found successfully letsdothisCRNElement is found successfully Clicked on letsdothisCRN element successfully CRN Login is done successfully redeploymentJobsMenuElement is found successfully redeploymentJobSearchTitleElement is found successfully redeploymentJobSearchTitleElement is found successfully Clicked on redeploymentJobSearchTitle element successfully redeploymentJobSearchTabElement is found successfully Expected Text matched with the Actual Text redeploymentJobMoreOptionsButtonElement is found successfully redeploymentJobMoreOptionsButtonElement is found successfully jobSourceDropDownElement is found successfully Able to select desired job source companyTextBoxInCTCandidateElement is found successfully Entered the Hotel,Ruan,ThePantherGroup in the companyTextBoxInCTCandidate textbox successfully redeploymentJobSearchElement is found successfully redeploymentJobSearchElement is found successfully  </system-out>
  <testcase classname="com.lhh.test.redeploymentPhase2.RedeploymentJobSearchPhase2Tests" name="TC_63893_VerifyAllLocationDisplayedSearchJobUsingAllLocations" time="367.892"/>
  <system-out>
CookieBannerCloseBtnElement is found successfully Clicked on CookieBannerCloseBtn element successfully Cookie Banner closed successfully usernameCRNElement is found successfully Entered the cmtoct in the usernameCRN textbox successfully passwordCRNElement is found successfully Entered the P@ssword123 in the passwordCRN textbox successfully letsdothisCRNElement is found successfully letsdothisCRNElement is found successfully Clicked on letsdothisCRN element successfully CRN Login is done successfully redeploymentJobsMenuElement is found successfully redeploymentJobSearchTitleElement is found successfully redeploymentJobSearchTitleElement is found successfully Clicked on redeploymentJobSearchTitle element successfully redeploymentJobSearchTabElement is found successfully Expected Text matched with the Actual Text redeploymentJobMoreOptionsButtonElement is found successfully redeploymentJobMoreOptionsButtonElement is found successfully jobSourceDropDownElement is found successfully jobSourceDropDownElement is found successfully jobSourceDropDownElement is found successfully Text value found for the :jobSourceDropDown Actual text is matched with the exptected text jobSourceDropDownElement is found successfully Able to select desired job source redeploymentJobSearchElement is found successfully redeploymentJobSearchElement is found successfully redeploymentResultElement is found successfully redeploymentResultElement is found successfully redeploymentResultElement is found successfully Text value found for the :redeploymentResult Text value found for the :[[ChromeDriver: chrome on WINDOWS (7ba558bc7078aa626fda25b40726df3e)] -> xpath: //span[@id='spnJobCardTitleId']] Text value found for the :[[ChromeDriver: chrome on WINDOWS (7ba558bc7078aa626fda25b40726df3e)] -> xpath: //span[@id='spnJobCardCityId']] Text value found for the :[[ChromeDriver: chrome on WINDOWS (7ba558bc7078aa626fda25b40726df3e)] -> xpath: //div[@id='divJobCardDescId']] Text value found for the :[[ChromeDriver: chrome on WINDOWS (7ba558bc7078aa626fda25b40726df3e)] -> xpath: //span[@id='spnJobCardTitleId']] Text value found for the :[[ChromeDriver: chrome on WINDOWS (7ba558bc7078aa626fda25b40726df3e)] -> xpath: //span[@id='spnJobCardCityId']] Text value found for the :[[ChromeDriver: chrome on WINDOWS (7ba558bc7078aa626fda25b40726df3e)] -> xpath: //div[@id='divJobCardDescId']] Text value found for the :[[ChromeDriver: chrome on WINDOWS (7ba558bc7078aa626fda25b40726df3e)] -> xpath: //span[@id='spnJobCardTitleId']] Text value found for the :[[ChromeDriver: chrome on WINDOWS (7ba558bc7078aa626fda25b40726df3e)] -> xpath: //span[@id='spnJobCardCityId']] Text value found for the :[[ChromeDriver: chrome on WINDOWS (7ba558bc7078aa626fda25b40726df3e)] -> xpath: //div[@id='divJobCardDescId']] Text value found for the :[[ChromeDriver: chrome on WINDOWS (7ba558bc7078aa626fda25b40726df3e)] -> xpath: //span[@id='spnJobCardTitleId']] Text value found for the :[[ChromeDriver: chrome on WINDOWS (7ba558bc7078aa626fda25b40726df3e)] -> xpath: //span[@id='spnJobCardCityId']] Text value found for the :[[ChromeDriver: chrome on WINDOWS (7ba558bc7078aa626fda25b40726df3e)] -> xpath: //div[@id='divJobCardDescId']] Text value found for the :[[ChromeDriver: chrome on WINDOWS (7ba558bc7078aa626fda25b40726df3e)] -> xpath: //span[@id='spnJobCardTitleId']] Text value found for the :[[ChromeDriver: chrome on WINDOWS (7ba558bc7078aa626fda25b40726df3e)] -> xpath: //span[@id='spnJobCardCityId']] Text value found for the :[[ChromeDriver: chrome on WINDOWS (7ba558bc7078aa626fda25b40726df3e)] -> xpath: //div[@id='divJobCardDescId']] Text value found for the :[[ChromeDriver: chrome on WINDOWS (7ba558bc7078aa626fda25b40726df3e)] -> xpath: //span[@id='spnJobCardTitleId']] Text value found for the :[[ChromeDriver: chrome on WINDOWS (7ba558bc7078aa626fda25b40726df3e)] -> xpath: //span[@id='spnJobCardCityId']] Text value found for the :[[ChromeDriver: chrome on WINDOWS (7ba558bc7078aa626fda25b40726df3e)] -> xpath: //div[@id='divJobCardDescId']] Text value found for the :[[ChromeDriver: chrome on WINDOWS (7ba558bc7078aa626fda25b40726df3e)] -> xpath: //span[@id='spnJobCardTitleId']] Text value found for the :[[ChromeDriver: chrome on WINDOWS (7ba558bc7078aa626fda25b40726df3e)] -> xpath: //span[@id='spnJobCardCityId']] Text value found for the :[[ChromeDriver: chrome on WINDOWS (7ba558bc7078aa626fda25b40726df3e)] -> xpath: //div[@id='divJobCardDescId']] Text value found for the :[[ChromeDriver: chrome on WINDOWS (7ba558bc7078aa626fda25b40726df3e)] -> xpath: //span[@id='spnJobCardTitleId']] Text value found for the :[[ChromeDriver: chrome on WINDOWS (7ba558bc7078aa626fda25b40726df3e)] -> xpath: //span[@id='spnJobCardCityId']] Text value found for the :[[ChromeDriver: chrome on WINDOWS (7ba558bc7078aa626fda25b40726df3e)] -> xpath: //div[@id='divJobCardDescId']] Text value found for the :[[ChromeDriver: chrome on WINDOWS (7ba558bc7078aa626fda25b40726df3e)] -> xpath: //span[@id='spnJobCardTitleId']] Text value found for the :[[ChromeDriver: chrome on WINDOWS (7ba558bc7078aa626fda25b40726df3e)] -> xpath: //span[@id='spnJobCardCityId']] Text value found for the :[[ChromeDriver: chrome on WINDOWS (7ba558bc7078aa626fda25b40726df3e)] -> xpath: //div[@id='divJobCardDescId']] Text value found for the :[[ChromeDriver: chrome on WINDOWS (7ba558bc7078aa626fda25b40726df3e)] -> xpath: //span[@id='spnJobCardTitleId']] Text value found for the :[[ChromeDriver: chrome on WINDOWS (7ba558bc7078aa626fda25b40726df3e)] -> xpath: //span[@id='spnJobCardCityId']] Text value found for the :[[ChromeDriver: chrome on WINDOWS (7ba558bc7078aa626fda25b40726df3e)] -> xpath: //div[@id='divJobCardDescId']] Text value found for the :[[ChromeDriver: chrome on WINDOWS (7ba558bc7078aa626fda25b40726df3e)] -> xpath: //span[@id='spnJobCardTitleId']] Text value found for the :[[ChromeDriver: chrome on WINDOWS (7ba558bc7078aa626fda25b40726df3e)] -> xpath: //span[@id='spnJobCardCityId']] Text value found for the :[[ChromeDriver: chrome on WINDOWS (7ba558bc7078aa626fda25b40726df3e)] -> xpath: //div[@id='divJobCardDescId']] Text value found for the :[[ChromeDriver: chrome on WINDOWS (7ba558bc7078aa626fda25b40726df3e)] -> xpath: //span[@id='spnJobCardTitleId']] Text value found for the :[[ChromeDriver: chrome on WINDOWS (7ba558bc7078aa626fda25b40726df3e)] -> xpath: //span[@id='spnJobCardCityId']] Text value found for the :[[ChromeDriver: chrome on WINDOWS (7ba558bc7078aa626fda25b40726df3e)] -> xpath: //div[@id='divJobCardDescId']] Text value found for the :[[ChromeDriver: chrome on WINDOWS (7ba558bc7078aa626fda25b40726df3e)] -> xpath: //span[@id='spnJobCardTitleId']] Text value found for the :[[ChromeDriver: chrome on WINDOWS (7ba558bc7078aa626fda25b40726df3e)] -> xpath: //span[@id='spnJobCardCityId']] Text value found for the :[[ChromeDriver: chrome on WINDOWS (7ba558bc7078aa626fda25b40726df3e)] -> xpath: //div[@id='divJobCardDescId']] Text value found for the :[[ChromeDriver: chrome on WINDOWS (7ba558bc7078aa626fda25b40726df3e)] -> xpath: //span[@id='spnJobCardTitleId']] Text value found for the :[[ChromeDriver: chrome on WINDOWS (7ba558bc7078aa626fda25b40726df3e)] -> xpath: //span[@id='spnJobCardCityId']] Text value found for the :[[ChromeDriver: chrome on WINDOWS (7ba558bc7078aa626fda25b40726df3e)] -> xpath: //div[@id='divJobCardDescId']] Text value found for the :[[ChromeDriver: chrome on WINDOWS (7ba558bc7078aa626fda25b40726df3e)] -> xpath: //span[@id='spnJobCardTitleId']] Text value found for the :[[ChromeDriver: chrome on WINDOWS (7ba558bc7078aa626fda25b40726df3e)] -> xpath: //span[@id='spnJobCardCityId']] Text value found for the :[[ChromeDriver: chrome on WINDOWS (7ba558bc7078aa626fda25b40726df3e)] -> xpath: //div[@id='divJobCardDescId']] Text value found for the :[[ChromeDriver: chrome on WINDOWS (7ba558bc7078aa626fda25b40726df3e)] -> xpath: //span[@id='spnJobCardTitleId']] Text value found for the :[[ChromeDriver: chrome on WINDOWS (7ba558bc7078aa626fda25b40726df3e)] -> xpath: //span[@id='spnJobCardCityId']] Text value found for the :[[ChromeDriver: chrome on WINDOWS (7ba558bc7078aa626fda25b40726df3e)] -> xpath: //div[@id='divJobCardDescId']] Text value found for the :[[ChromeDriver: chrome on WINDOWS (7ba558bc7078aa626fda25b40726df3e)] -> xpath: //span[@id='spnJobCardTitleId']] Text value found for the :[[ChromeDriver: chrome on WINDOWS (7ba558bc7078aa626fda25b40726df3e)] -> xpath: //span[@id='spnJobCardCityId']] Text value found for the :[[ChromeDriver: chrome on WINDOWS (7ba558bc7078aa626fda25b40726df3e)] -> xpath: //div[@id='divJobCardDescId']] Text value found for the :[[ChromeDriver: chrome on WINDOWS (7ba558bc7078aa626fda25b40726df3e)] -> xpath: //span[@id='spnJobCardTitleId']] Text value found for the :[[ChromeDriver: chrome on WINDOWS (7ba558bc7078aa626fda25b40726df3e)] -> xpath: //span[@id='spnJobCardCityId']] Text value found for the :[[ChromeDriver: chrome on WINDOWS (7ba558bc7078aa626fda25b40726df3e)] -> xpath: //div[@id='divJobCardDescId']] Text value found for the :[[ChromeDriver: chrome on WINDOWS (7ba558bc7078aa626fda25b40726df3e)] -> xpath: //span[@id='spnJobCardTitleId']] Text value found for the :[[ChromeDriver: chrome on WINDOWS (7ba558bc7078aa626fda25b40726df3e)] -> xpath: //span[@id='spnJobCardCityId']] Text value found for the :[[ChromeDriver: chrome on WINDOWS (7ba558bc7078aa626fda25b40726df3e)] -> xpath: //div[@id='divJobCardDescId']] Text value found for the :[[ChromeDriver: chrome on WINDOWS (7ba558bc7078aa626fda25b40726df3e)] -> xpath: //span[@id='spnJobCardTitleId']] Text value found for the :[[ChromeDriver: chrome on WINDOWS (7ba558bc7078aa626fda25b40726df3e)] -> xpath: //span[@id='spnJobCardCityId']] Text value found for the :[[ChromeDriver: chrome on WINDOWS (7ba558bc7078aa626fda25b40726df3e)] -> xpath: //div[@id='divJobCardDescId']] Text value found for the :[[ChromeDriver: chrome on WINDOWS (7ba558bc7078aa626fda25b40726df3e)] -> xpath: //span[@id='spnJobCardTitleId']] Text value found for the :[[ChromeDriver: chrome on WINDOWS (7ba558bc7078aa626fda25b40726df3e)] -> xpath: //span[@id='spnJobCardCityId']] Text value found for the :[[ChromeDriver: chrome on WINDOWS (7ba558bc7078aa626fda25b40726df3e)] -> xpath: //div[@id='divJobCardDescId']] Text value found for the :[[ChromeDriver: chrome on WINDOWS (7ba558bc7078aa626fda25b40726df3e)] -> xpath: //span[@id='spnJobCardTitleId']] Text value found for the :[[ChromeDriver: chrome on WINDOWS (7ba558bc7078aa626fda25b40726df3e)] -> xpath: //span[@id='spnJobCardCityId']] Text value found for the :[[ChromeDriver: chrome on WINDOWS (7ba558bc7078aa626fda25b
[...]
)] -> xpath: //div[@id='divJobCardDescId']] Text value found for the :[[ChromeDriver: chrome on WINDOWS (7ba558bc7078aa626fda25b40726df3e)] -> xpath: //span[@id='spnJobCardTitleId']] Text value found for the :[[ChromeDriver: chrome on WINDOWS (7ba558bc7078aa626fda25b40726df3e)] -> xpath: //span[@id='spnJobCardCityId']] Text value found for the :[[ChromeDriver: chrome on WINDOWS (7ba558bc7078aa626fda25b40726df3e)] -> xpath: //div[@id='divJobCardDescId']] Text value found for the :[[ChromeDriver: chrome on WINDOWS (7ba558bc7078aa626fda25b40726df3e)] -> xpath: //span[@id='spnJobCardTitleId']] Text value found for the :[[ChromeDriver: chrome on WINDOWS (7ba558bc7078aa626fda25b40726df3e)] -> xpath: //span[@id='spnJobCardCityId']] Text value found for the :[[ChromeDriver: chrome on WINDOWS (7ba558bc7078aa626fda25b40726df3e)] -> xpath: //div[@id='divJobCardDescId']] Text value found for the :[[ChromeDriver: chrome on WINDOWS (7ba558bc7078aa626fda25b40726df3e)] -> xpath: //span[@id='spnJobCardTitleId']] Text value found for the :[[ChromeDriver: chrome on WINDOWS (7ba558bc7078aa626fda25b40726df3e)] -> xpath: //span[@id='spnJobCardCityId']] Text value found for the :[[ChromeDriver: chrome on WINDOWS (7ba558bc7078aa626fda25b40726df3e)] -> xpath: //div[@id='divJobCardDescId']] Text value found for the :[[ChromeDriver: chrome on WINDOWS (7ba558bc7078aa626fda25b40726df3e)] -> xpath: //span[@id='spnJobCardTitleId']] Text value found for the :[[ChromeDriver: chrome on WINDOWS (7ba558bc7078aa626fda25b40726df3e)] -> xpath: //span[@id='spnJobCardCityId']] Text value found for the :[[ChromeDriver: chrome on WINDOWS (7ba558bc7078aa626fda25b40726df3e)] -> xpath: //div[@id='divJobCardDescId']] Text value found for the :[[ChromeDriver: chrome on WINDOWS (7ba558bc7078aa626fda25b40726df3e)] -> xpath: //span[@id='spnJobCardTitleId']] Text value found for the :[[ChromeDriver: chrome on WINDOWS (7ba558bc7078aa626fda25b40726df3e)] -> xpath: //span[@id='spnJobCardCityId']] Text value found for the :[[ChromeDriver: chrome on WINDOWS (7ba558bc7078aa626fda25b40726df3e)] -> xpath: //div[@id='divJobCardDescId']] Text value found for the :[[ChromeDriver: chrome on WINDOWS (7ba558bc7078aa626fda25b40726df3e)] -> xpath: //span[@id='spnJobCardTitleId']] Text value found for the :[[ChromeDriver: chrome on WINDOWS (7ba558bc7078aa626fda25b40726df3e)] -> xpath: //span[@id='spnJobCardCityId']] Text value found for the :[[ChromeDriver: chrome on WINDOWS (7ba558bc7078aa626fda25b40726df3e)] -> xpath: //div[@id='divJobCardDescId']] Text value found for the :[[ChromeDriver: chrome on WINDOWS (7ba558bc7078aa626fda25b40726df3e)] -> xpath: //span[@id='spnJobCardTitleId']] Text value found for the :[[ChromeDriver: chrome on WINDOWS (7ba558bc7078aa626fda25b40726df3e)] -> xpath: //span[@id='spnJobCardCityId']] Text value found for the :[[ChromeDriver: chrome on WINDOWS (7ba558bc7078aa626fda25b40726df3e)] -> xpath: //div[@id='divJobCardDescId']] Text value found for the :[[ChromeDriver: chrome on WINDOWS (7ba558bc7078aa626fda25b40726df3e)] -> xpath: //span[@id='spnJobCardTitleId']] Text value found for the :[[ChromeDriver: chrome on WINDOWS (7ba558bc7078aa626fda25b40726df3e)] -> xpath: //span[@id='spnJobCardCityId']] Text value found for the :[[ChromeDriver: chrome on WINDOWS (7ba558bc7078aa626fda25b40726df3e)] -> xpath: //div[@id='divJobCardDescId']] Text value found for the :[[ChromeDriver: chrome on WINDOWS (7ba558bc7078aa626fda25b40726df3e)] -> xpath: //span[@id='spnJobCardTitleId']] Text value found for the :[[ChromeDriver: chrome on WINDOWS (7ba558bc7078aa626fda25b40726df3e)] -> xpath: //span[@id='spnJobCardCityId']] Text value found for the :[[ChromeDriver: chrome on WINDOWS (7ba558bc7078aa626fda25b40726df3e)] -> xpath: //div[@id='divJobCardDescId']] Text value found for the :[[ChromeDriver: chrome on WINDOWS (7ba558bc7078aa626fda25b40726df3e)] -> xpath: //span[@id='spnJobCardTitleId']] Text value found for the :[[ChromeDriver: chrome on WINDOWS (7ba558bc7078aa626fda25b40726df3e)] -> xpath: //span[@id='spnJobCardCityId']] Text value found for the :[[ChromeDriver: chrome on WINDOWS (7ba558bc7078aa626fda25b40726df3e)] -> xpath: //div[@id='divJobCardDescId']] Text value found for the :[[ChromeDriver: chrome on WINDOWS (7ba558bc7078aa626fda25b40726df3e)] -> xpath: //span[@id='spnJobCardTitleId']] Text value found for the :[[ChromeDriver: chrome on WINDOWS (7ba558bc7078aa626fda25b40726df3e)] -> xpath: //span[@id='spnJobCardCityId']] Text value found for the :[[ChromeDriver: chrome on WINDOWS (7ba558bc7078aa626fda25b40726df3e)] -> xpath: //div[@id='divJobCardDescId']] Text value found for the :[[ChromeDriver: chrome on WINDOWS (7ba558bc7078aa626fda25b40726df3e)] -> xpath: //span[@id='spnJobCardTitleId']] Text value found for the :[[ChromeDriver: chrome on WINDOWS (7ba558bc7078aa626fda25b40726df3e)] -> xpath: //span[@id='spnJobCardCityId']] Text value found for the :[[ChromeDriver: chrome on WINDOWS (7ba558bc7078aa626fda25b40726df3e)] -> xpath: //div[@id='divJobCardDescId']] Text value found for the :[[ChromeDriver: chrome on WINDOWS (7ba558bc7078aa626fda25b40726df3e)] -> xpath: //span[@id='spnJobCardTitleId']] Text value found for the :[[ChromeDriver: chrome on WINDOWS (7ba558bc7078aa626fda25b40726df3e)] -> xpath: //span[@id='spnJobCardCityId']] Text value found for the :[[ChromeDriver: chrome on WINDOWS (7ba558bc7078aa626fda25b40726df3e)] -> xpath: //div[@id='divJobCardDescId']] Text value found for the :[[ChromeDriver: chrome on WINDOWS (7ba558bc7078aa626fda25b40726df3e)] -> xpath: //span[@id='spnJobCardTitleId']] Text value found for the :[[ChromeDriver: chrome on WINDOWS (7ba558bc7078aa626fda25b40726df3e)] -> xpath: //span[@id='spnJobCardCityId']] Text value found for the :[[ChromeDriver: chrome on WINDOWS (7ba558bc7078aa626fda25b40726df3e)] -> xpath: //div[@id='divJobCardDescId']] Text value found for the :[[ChromeDriver: chrome on WINDOWS (7ba558bc7078aa626fda25b40726df3e)] -> xpath: //span[@id='spnJobCardTitleId']] Text value found for the :[[ChromeDriver: chrome on WINDOWS (7ba558bc7078aa626fda25b40726df3e)] -> xpath: //span[@id='spnJobCardCityId']] Text value found for the :[[ChromeDriver: chrome on WINDOWS (7ba558bc7078aa626fda25b40726df3e)] -> xpath: //div[@id='divJobCardDescId']] Text value found for the :[[ChromeDriver: chrome on WINDOWS (7ba558bc7078aa626fda25b40726df3e)] -> xpath: //span[@id='spnJobCardTitleId']] Text value found for the :[[ChromeDriver: chrome on WINDOWS (7ba558bc7078aa626fda25b40726df3e)] -> xpath: //span[@id='spnJobCardCityId']] Text value found for the :[[ChromeDriver: chrome on WINDOWS (7ba558bc7078aa626fda25b40726df3e)] -> xpath: //div[@id='divJobCardDescId']] Text value found for the :[[ChromeDriver: chrome on WINDOWS (7ba558bc7078aa626fda25b40726df3e)] -> xpath: //span[@id='spnJobCardTitleId']] Text value found for the :[[ChromeDriver: chrome on WINDOWS (7ba558bc7078aa626fda25b40726df3e)] -> xpath: //span[@id='spnJobCardCityId']] Text value found for the :[[ChromeDriver: chrome on WINDOWS (7ba558bc7078aa626fda25b40726df3e)] -> xpath: //div[@id='divJobCardDescId']] Text value found for the :[[ChromeDriver: chrome on WINDOWS (7ba558bc7078aa626fda25b40726df3e)] -> xpath: //span[@id='spnJobCardTitleId']] Text value found for the :[[ChromeDriver: chrome on WINDOWS (7ba558bc7078aa626fda25b40726df3e)] -> xpath: //span[@id='spnJobCardCityId']] Text value found for the :[[ChromeDriver: chrome on WINDOWS (7ba558bc7078aa626fda25b40726df3e)] -> xpath: //div[@id='divJobCardDescId']] Text value found for the :[[ChromeDriver: chrome on WINDOWS (7ba558bc7078aa626fda25b40726df3e)] -> xpath: //span[@id='spnJobCardTitleId']] Text value found for the :[[ChromeDriver: chrome on WINDOWS (7ba558bc7078aa626fda25b40726df3e)] -> xpath: //span[@id='spnJobCardCityId']] Text value found for the :[[ChromeDriver: chrome on WINDOWS (7ba558bc7078aa626fda25b40726df3e)] -> xpath: //div[@id='divJobCardDescId']] Text value found for the :[[ChromeDriver: chrome on WINDOWS (7ba558bc7078aa626fda25b40726df3e)] -> xpath: //span[@id='spnJobCardTitleId']] Text value found for the :[[ChromeDriver: chrome on WINDOWS (7ba558bc7078aa626fda25b40726df3e)] -> xpath: //span[@id='spnJobCardCityId']] Text value found for the :[[ChromeDriver: chrome on WINDOWS (7ba558bc7078aa626fda25b40726df3e)] -> xpath: //div[@id='divJobCardDescId']] Text value found for the :[[ChromeDriver: chrome on WINDOWS (7ba558bc7078aa626fda25b40726df3e)] -> xpath: //span[@id='spnJobCardTitleId']] Text value found for the :[[ChromeDriver: chrome on WINDOWS (7ba558bc7078aa626fda25b40726df3e)] -> xpath: //span[@id='spnJobCardCityId']] Text value found for the :[[ChromeDriver: chrome on WINDOWS (7ba558bc7078aa626fda25b40726df3e)] -> xpath: //div[@id='divJobCardDescId']] Text value found for the :[[ChromeDriver: chrome on WINDOWS (7ba558bc7078aa626fda25b40726df3e)] -> xpath: //span[@id='spnJobCardTitleId']] Text value found for the :[[ChromeDriver: chrome on WINDOWS (7ba558bc7078aa626fda25b40726df3e)] -> xpath: //span[@id='spnJobCardCityId']] Text value found for the :[[ChromeDriver: chrome on WINDOWS (7ba558bc7078aa626fda25b40726df3e)] -> xpath: //div[@id='divJobCardDescId']] Text value found for the :[[ChromeDriver: chrome on WINDOWS (7ba558bc7078aa626fda25b40726df3e)] -> xpath: //span[@id='spnJobCardTitleId']] Text value found for the :[[ChromeDriver: chrome on WINDOWS (7ba558bc7078aa626fda25b40726df3e)] -> xpath: //span[@id='spnJobCardCityId']] Text value found for the :[[ChromeDriver: chrome on WINDOWS (7ba558bc7078aa626fda25b40726df3e)] -> xpath: //div[@id='divJobCardDescId']] Company Name is matching  </system-out>
  <testcase classname="com.lhh.test.redeploymentPhase2.RedeploymentJobSearchPhase2Tests" name="TC_63894_VerifyWorkFromHomeOrRemoteIsDisplayedInJobCard" time="156.004"/>
  <system-out>
CookieBannerCloseBtnElement is found successfully Clicked on CookieBannerCloseBtn element successfully Cookie Banner closed successfully usernameCRNElement is found successfully Entered the cmtoct in the usernameCRN textbox successfully passwordCRNElement is found successfully Entered the P@ssword123 in the passwordCRN textbox successfully letsdothisCRNElement is found successfully letsdothisCRNElement is found successfully Clicked on letsdothisCRN element successfully CRN Login is done successfully redeploymentJobsMenuElement is found successfully redeploymentJobSearchTitleElement is found successfully redeploymentJobSearchTitleElement is found successfully Clicked on redeploymentJobSearchTitle element successfully redeploymentJobSearchTabElement is found successfully Expected Text matched with the Actual Text redeploymentJobMoreOptionsButtonElement is found successfully redeploymentJobMoreOptionsButtonElement is found successfully jobSourceDropDownElement is found successfully jobSourceDropDownElement is found successfully jobSourceDropDownElement is found successfully Text value found for the :jobSourceDropDown Actual text is matched with the exptected text locationTypeDropDownElement is found successfully Text value found for the :locationTypeDropDown Actual text is matched with the exptected text jobSourceDropDownElement is found successfully Able to select desired job source locationTypeDropDownElement is found successfully AnyLocationType options are working fine redeploymentJobSearchElement is found successfully redeploymentJobSearchElement is found successfully profileIconCTCandidateElement is found successfully logoutCTCandidateElement is found successfully usernameCRNElement is found successfully Entered the testcm18 in the usernameCRN textbox successfully passwordCRNElement is found successfully Entered the P@ssword123 in the passwordCRN textbox successfully letsdothisCRNElement is found successfully letsdothisCRNElement is found successfully Clicked on letsdothisCRN element successfully CRN Login is done successfully redeploymentJobsMenuElement is found successfully redeploymentJobSearchTitleElement is found successfully redeploymentJobSearchTitleElement is found successfully Clicked on redeploymentJobSearchTitle element successfully redeploymentJobSearchTabElement is found successfully Expected Text matched with the Actual Text redeploymentJobMoreOptionsButtonElement is found successfully redeploymentJobMoreOptionsButtonElement is found successfully jobSourceDropDownElement is found successfully jobSourceDropDownElement is found successfully jobSourceDropDownElement is found successfully Text value found for the :jobSourceDropDown Actual text is matched with the exptected text locationTypeDropDownElement is found successfully Text value found for the :locationTypeDropDown Actual text is matched with the exptected text locationTypeDropDownElement is found successfully AnyLocationType options are working fine redeploymentJobSearchElement is found successfully redeploymentJobSearchElement is found successfully  </system-out>
  <testcase classname="com.lhh.test.redeploymentPhase2.RedeploymentJobSearchPhase2Tests" name="TC_63890_VerifyBasicSearchFieldsForCTAndCMCandidate" time="118.009"/>
  <system-out>
CookieBannerCloseBtnElement is found successfully Clicked on CookieBannerCloseBtn element successfully Cookie Banner closed successfully usernameCRNElement is found successfully Entered the cmtoct in the usernameCRN textbox successfully passwordCRNElement is found successfully Entered the P@ssword123 in the passwordCRN textbox successfully letsdothisCRNElement is found successfully letsdothisCRNElement is found successfully Clicked on letsdothisCRN element successfully CRN Login is done successfully redeploymentJobsMenuElement is found successfully redeploymentJobSearchTitleElement is found successfully redeploymentJobSearchTitleElement is found successfully Clicked on redeploymentJobSearchTitle element successfully redeploymentJobSearchTabElement is found successfully Expected Text matched with the Actual Text locationInBasicSearchElement is found successfully Expected Text matched with the Actual Text locationTypeDropDownElement is found successfully Text value found for the :locationTypeDropDown Actual text is matched with the exptected text profileIconCTCandidateElement is found successfully logoutCTCandidateElement is found successfully usernameCRNElement is found successfully Entered the testcm18 in the usernameCRN textbox successfully passwordCRNElement is found successfully Entered the P@ssword123 in the passwordCRN textbox successfully letsdothisCRNElement is found successfully letsdothisCRNElement is found successfully Clicked on letsdothisCRN element successfully CRN Login is done successfully redeploymentJobsMenuElement is found successfully redeploymentJobSearchTitleElement is found successfully redeploymentJobSearchTitleElement is found successfully Clicked on redeploymentJobSearchTitle element successfully redeploymentJobSearchTabElement is found successfully Expected Text matched with the Actual Text locationInBasicSearchElement is found successfully Expected Text matched with the Actual Text locationTypeDropDownElement is found successfully Text value found for the :locationTypeDropDown Actual text is matched with the exptected text  </system-out>
  <testcase classname="com.lhh.test.redeploymentPhase2.RedeploymentJobSearchPhase2Tests" name="TC_63898_VerifyUserCanSaveSearchWithLocationFilter" time="127.636">
    <failure message="Unable to find element redeploymentJobSaveSearchButton" type="java.lang.AssertionError">
      <![CDATA[java.lang.AssertionError: Unable to find element redeploymentJobSaveSearchButton
at org.testng.Assert.fail(Assert.java:97)
at com.lhh.framework.reports.ReportStep.hardFail(ReportStep.java:85)
at com.lhh.framework.seleniumactions.SeleniumHelper.getElement(SeleniumHelper.java:104)
at com.lhh.framework.seleniumactions.SeleniumHelper.isElementPresent(SeleniumHelper.java:247)
at com.lhh.test.businessfunctions.RedeploymentJobSearchPage.verifySaveSearchIsDisplayedAndUserAbleToClickOnSaveSearch(RedeploymentJobSearchPage.java:688)
at com.lhh.test.redeploymentPhase2.RedeploymentJobSearchPhase2Tests.TC_63898_VerifyUserCanSaveSearchWithLocationFilter(RedeploymentJobSearchPhase2Tests.java:495)
at java.base/jdk.internal.reflect.NativeMethodAccessorImpl.invoke0(Native Method)
at java.base/jdk.internal.reflect.NativeMethodAccessorImpl.invoke(NativeMethodAccessorImpl.java:64)
at java.base/jdk.internal.reflect.DelegatingMethodAccessorImpl.invoke(DelegatingMethodAccessorImpl.java:43)
at java.base/java.lang.reflect.Method.invoke(Method.java:564)
at org.testng.internal.MethodInvocationHelper.invokeMethod(MethodInvocationHelper.java:134)
at org.testng.internal.TestInvoker.invokeMethod(TestInvoker.java:597)
at org.testng.internal.TestInvoker.invokeTestMethod(TestInvoker.java:173)
at org.testng.internal.MethodRunner.runInSequence(MethodRunner.java:46)
at org.testng.internal.TestInvoker$MethodInvocationAgent.invoke(TestInvoker.java:816)
at org.testng.internal.TestInvoker.invokeTestMethods(TestInvoker.java:146)
at org.testng.internal.TestMethodWorker.invokeTestMethods(TestMethodWorker.java:146)
at org.testng.internal.TestMethodWorker.run(TestMethodWorker.java:128)
at java.base/java.util.ArrayList.forEach(ArrayList.java:1511)
at org.testng.TestRunner.privateRun(TestRunner.java:766)
at org.testng.TestRunner.run(TestRunner.java:587)
at org.testng.SuiteRunner.runTest(SuiteRunner.java:384)
at org.testng.SuiteRunner.runSequentially(SuiteRunner.java:378)
at org.testng.SuiteRunner.privateRun(SuiteRunner.java:337)
at org.testng.SuiteRunner.run(SuiteRunner.java:286)
at org.testng.SuiteRunnerWorker.runSuite(SuiteRunnerWorker.java:53)
at org.testng.SuiteRunnerWorker.run(SuiteRunnerWorker.java:96)
at org.testng.TestNG.runSuitesSequentially(TestNG.java:1187)
at org.testng.TestNG.runSuitesLocally(TestNG.java:1109)
at org.testng.TestNG.runSuites(TestNG.java:1039)
at org.testng.TestNG.run(TestNG.java:1007)
at org.testng.remote.AbstractRemoteTestNG.run(AbstractRemoteTestNG.java:115)
at org.testng.remote.RemoteTestNG.initAndRun(RemoteTestNG.java:251)
at org.testng.remote.RemoteTestNG.main(RemoteTestNG.java:77)
]]>
    </failure>
  </testcase> <!-- TC_63898_VerifyUserCanSaveSearchWithLocationFilter -->
  <system-out>
usernameCRNElement is found successfully Entered the cmtoct in the usernameCRN textbox successfully passwordCRNElement is found successfully Entered the P@ssword123 in the passwordCRN textbox successfully letsdothisCRNElement is found successfully letsdothisCRNElement is found successfully Clicked on letsdothisCRN element successfully CRN Login is done successfully redeploymentJobsElement is found successfully redeploymentJobSearchTitleElement is found successfully Clicked on redeploymentJobSearchTitle element successfully redeploymentJobSearchTabElement is found successfully Expected Text matched with the Actual Text redeploymentJobSearchTitleElement is found successfully redeploymentJobSearchTitleElement is found successfully redeploymentJobTitleTextBoxElement is found successfully Entered the Java Developer in the redeploymentJobTitleTextBox textbox successfully redeploymentJobLocationTextBoxElement is found successfully Entered the cross junction in the redeploymentJobLocationTextBox textbox successfully redeploymentJobMoreOptionsButtonElement is found successfully redeploymentJobMoreOptionsButtonElement is found successfully jobSourceDropDownElement is found successfully Able to select desired job source redeploymentJobSearchElement is found successfully redeploymentJobSearchElement is found successfully SavedJobSearchSectionElement is found successfully SavedJobSearchSectionElement is found successfully SavedJobSearchSectionElement is found successfully redeploymentSavedJobRemoveButtonElement is found successfully redeploymentSavedJobRemoveButtonElement is found successfully redeploymentSavedJobRemoveButtonElement is found successfully redeploymentModalOkButtonElement is found successfully  </system-out>
</testsuite> <!-- com.lhh.test.redeploymentPhase2.RedeploymentJobSearchPhase2Tests -->
